#
# There is insufficient memory for the Java Runtime Environment to continue.
# Native memory allocation (malloc) failed to allocate 32744 bytes for ChunkPool::allocate
# Possible reasons:
#   The system is out of physical RAM or swap space
#   The process is running with CompressedOops enabled, and the Java Heap may be blocking the growth of the native heap
# Possible solutions:
#   Reduce memory load on the system
#   Increase physical memory or swap space
#   Check if swap backing store is full
#   Decrease Java heap size (-Xmx/-Xms)
#   Decrease number of Java threads
#   Decrease Java thread stack sizes (-Xss)
#   Set larger code cache with -XX:ReservedCodeCacheSize=
#   JVM is running with Unscaled Compressed Oops mode in which the Java heap is
#     placed in the first 4GB address space. The Java Heap base address is the
#     maximum limit for the native heap growth. Please use -XX:HeapBaseMinAddress
#     to set the Java Heap base and to place the Java Heap above 4GB virtual address.
# This output file may be truncated or incomplete.
#
#  Out of Memory Error (arena.cpp:78), pid=10728, tid=5484
#
# JRE version: OpenJDK Runtime Environment (17.0.6) (build 17.0.6+0-b2043.56-9586694)
# Java VM: OpenJDK 64-Bit Server VM (17.0.6+0-b2043.56-9586694, mixed mode, tiered, compressed oops, compressed class ptrs, g1 gc, windows-amd64)
# No core dump will be written. Minidumps are not enabled by default on client versions of Windows
#

---------------  S U M M A R Y ------------

Command Line: --add-opens=java.base/java.util=ALL-UNNAMED --add-opens=java.base/java.lang=ALL-UNNAMED --add-opens=java.base/java.lang.invoke=ALL-UNNAMED --add-opens=java.prefs/java.util.prefs=ALL-UNNAMED --add-opens=java.base/java.nio.charset=ALL-UNNAMED --add-opens=java.base/java.net=ALL-UNNAMED --add-opens=java.base/java.util.concurrent.atomic=ALL-UNNAMED -Xmx2048m -Dfile.encoding=UTF-8 -Duser.country=CH -Duser.language=de -Duser.variant org.gradle.launcher.daemon.bootstrap.GradleDaemon 8.0

Host: Intel(R) Core(TM) i7-4790 CPU @ 3.60GHz, 8 cores, 31G,  Windows 10 , 64 bit Build 19041 (10.0.19041.1706)
Time: Thu Jul  6 09:18:50 2023 Mitteleuropäische Sommerzeit elapsed time: 450.462793 seconds (0d 0h 7m 30s)

---------------  T H R E A D  ---------------

Current thread (0x000001fc46977620):  JavaThread "C2 CompilerThread0" daemon [_thread_in_native, id=5484, stack(0x0000000d9cf00000,0x0000000d9d000000)]


Current CompileTask:
C2: 450462 20710       4       org.gradle.api.internal.attributes.DefaultMutableAttributeContainer::doInsertion (39 bytes)

Stack: [0x0000000d9cf00000,0x0000000d9d000000]
Native frames: (J=compiled Java code, j=interpreted, Vv=VM code, C=native code)
V  [jvm.dll+0x683b4a]
V  [jvm.dll+0x842654]
V  [jvm.dll+0x843dfe]
V  [jvm.dll+0x844463]
V  [jvm.dll+0x249b75]
V  [jvm.dll+0xabecc]
V  [jvm.dll+0xac27c]
V  [jvm.dll+0x36e380]
V  [jvm.dll+0x36d8d1]
V  [jvm.dll+0x36d914]
V  [jvm.dll+0x56bbc8]
V  [jvm.dll+0x1bcee7]
V  [jvm.dll+0x21c359]
V  [jvm.dll+0x21b621]
V  [jvm.dll+0x1a4fdd]
V  [jvm.dll+0x22b098]
V  [jvm.dll+0x229159]
V  [jvm.dll+0x7f809c]
V  [jvm.dll+0x7f25fa]
V  [jvm.dll+0x682985]
C  [ucrtbase.dll+0x21bb2]
C  [KERNEL32.DLL+0x17034]
C  [ntdll.dll+0x52651]


---------------  P R O C E S S  ---------------

Threads class SMR info:
_java_thread_list=0x000001fc5103fec0, length=70, elements={
0x000001fc2c9d93e0, 0x000001fc4692d530, 0x000001fc4692ea50, 0x000001fc46970020,
0x000001fc469708e0, 0x000001fc469711a0, 0x000001fc46972200, 0x000001fc46977620,
0x000001fc4697a2e0, 0x000001fc46983b50, 0x000001fc46b175a0, 0x000001fc46b2eb90,
0x000001fc4a156670, 0x000001fc49a912b0, 0x000001fc48c591b0, 0x000001fc49ae6210,
0x000001fc49ae5d40, 0x000001fc49ae7a20, 0x000001fc49ae53a0, 0x000001fc49ae4060,
0x000001fc49ae6bb0, 0x000001fc4ae23460, 0x000001fc4ae1d8f0, 0x000001fc4ae247a0,
0x000001fc4ae23930, 0x000001fc4ae1ddc0, 0x000001fc4ae1ff70, 0x000001fc4d3faa90,
0x000001fc4d3f70d0, 0x000001fc4d3faf60, 0x000001fc4d3f8db0, 0x000001fc50973160,
0x000001fc50c10cc0, 0x000001fc48547890, 0x000001fc4d8661e0, 0x000001fc4d22fe20,
0x000001fc4d867520, 0x000001fc4896e7b0, 0x000001fc50effa70, 0x000001fc50c0f4b0,
0x000001fc5254d640, 0x000001fc4b4a0470, 0x000001fc4b4a1c80, 0x000001fc50ba0a20,
0x000001fc4d3f75a0, 0x000001fc4d3f6c00, 0x000001fc4d3f7a70, 0x000001fc4d3f8410,
0x000001fc4d3f9750, 0x000001fc4d3f6260, 0x000001fc51063630, 0x000001fc4d230c90,
0x000001fc4d22f950, 0x000001fc4d231630, 0x000001fc4d231b00, 0x000001fc4d2302f0,
0x000001fc4d231160, 0x000001fc4d22e610, 0x000001fc4d231fd0, 0x000001fc4d22eae0,
0x000001fc4d22efb0, 0x000001fc4d2307c0, 0x000001fc48d893a0, 0x000001fc48d88ed0,
0x000001fc48d88a00, 0x000001fc48d88530, 0x000001fc48d89870, 0x000001fc48d88060,
0x000001fc484ca030, 0x000001fc484c91c0
}

Java Threads: ( => current thread )
  0x000001fc2c9d93e0 JavaThread "main" [_thread_blocked, id=15284, stack(0x0000000d9c200000,0x0000000d9c300000)]
  0x000001fc4692d530 JavaThread "Reference Handler" daemon [_thread_blocked, id=9440, stack(0x0000000d9c900000,0x0000000d9ca00000)]
  0x000001fc4692ea50 JavaThread "Finalizer" daemon [_thread_blocked, id=23828, stack(0x0000000d9ca00000,0x0000000d9cb00000)]
  0x000001fc46970020 JavaThread "Signal Dispatcher" daemon [_thread_blocked, id=19844, stack(0x0000000d9cb00000,0x0000000d9cc00000)]
  0x000001fc469708e0 JavaThread "Attach Listener" daemon [_thread_blocked, id=12184, stack(0x0000000d9cc00000,0x0000000d9cd00000)]
  0x000001fc469711a0 JavaThread "Service Thread" daemon [_thread_blocked, id=11968, stack(0x0000000d9cd00000,0x0000000d9ce00000)]
  0x000001fc46972200 JavaThread "Monitor Deflation Thread" daemon [_thread_blocked, id=23776, stack(0x0000000d9ce00000,0x0000000d9cf00000)]
=>0x000001fc46977620 JavaThread "C2 CompilerThread0" daemon [_thread_in_native, id=5484, stack(0x0000000d9cf00000,0x0000000d9d000000)]
  0x000001fc4697a2e0 JavaThread "C1 CompilerThread0" daemon [_thread_in_native, id=1508, stack(0x0000000d9d000000,0x0000000d9d100000)]
  0x000001fc46983b50 JavaThread "Sweeper thread" daemon [_thread_blocked, id=16616, stack(0x0000000d9d100000,0x0000000d9d200000)]
  0x000001fc46b175a0 JavaThread "Common-Cleaner" daemon [_thread_blocked, id=18292, stack(0x0000000d9d200000,0x0000000d9d300000)]
  0x000001fc46b2eb90 JavaThread "Notification Thread" daemon [_thread_blocked, id=16136, stack(0x0000000d9d300000,0x0000000d9d400000)]
  0x000001fc4a156670 JavaThread "Daemon health stats" [_thread_blocked, id=3236, stack(0x0000000d9de00000,0x0000000d9df00000)]
  0x000001fc49a912b0 JavaThread "Incoming local TCP Connector on port 60056" [_thread_in_native, id=19676, stack(0x0000000d9df00000,0x0000000d9e000000)]
  0x000001fc48c591b0 JavaThread "Daemon periodic checks" [_thread_blocked, id=16000, stack(0x0000000d9e000000,0x0000000d9e100000)]
  0x000001fc49ae6210 JavaThread "Cache worker for journal cache (C:\Users\bkinon\.gradle\caches\journal-1)" [_thread_blocked, id=9816, stack(0x0000000d9e900000,0x0000000d9ea00000)]
  0x000001fc49ae5d40 JavaThread "File lock request listener" [_thread_in_native, id=8336, stack(0x0000000d9ea00000,0x0000000d9eb00000)]
  0x000001fc49ae7a20 JavaThread "Cache worker for file hash cache (C:\Users\bkinon\.gradle\caches\8.0\fileHashes)" [_thread_blocked, id=13200, stack(0x0000000d9eb00000,0x0000000d9ec00000)]
  0x000001fc49ae53a0 JavaThread "File watcher server" daemon [_thread_in_native, id=3996, stack(0x0000000d9ec00000,0x0000000d9ed00000)]
  0x000001fc49ae4060 JavaThread "File watcher consumer" daemon [_thread_blocked, id=10312, stack(0x0000000d9ed00000,0x0000000d9ee00000)]
  0x000001fc49ae6bb0 JavaThread "Cache worker for file content cache (C:\Users\bkinon\.gradle\caches\8.0\fileContent)" [_thread_blocked, id=14532, stack(0x0000000d9f000000,0x0000000d9f100000)]
  0x000001fc4ae23460 JavaThread "Cache worker for execution history cache (C:\Users\bkinon\.gradle\caches\8.0\executionHistory)" [_thread_blocked, id=18180, stack(0x0000000d9f300000,0x0000000d9f400000)]
  0x000001fc4ae1d8f0 JavaThread "jar transforms" [_thread_blocked, id=3836, stack(0x0000000d9f400000,0x0000000d9f500000)]
  0x000001fc4ae247a0 JavaThread "jar transforms Thread 2" [_thread_blocked, id=4424, stack(0x0000000d9f500000,0x0000000d9f600000)]
  0x000001fc4ae23930 JavaThread "jar transforms Thread 3" [_thread_blocked, id=21456, stack(0x0000000d9f700000,0x0000000d9f800000)]
  0x000001fc4ae1ddc0 JavaThread "jar transforms Thread 4" [_thread_blocked, id=10644, stack(0x0000000d9f800000,0x0000000d9f900000)]
  0x000001fc4ae1ff70 JavaThread "jar transforms Thread 5" [_thread_blocked, id=16636, stack(0x0000000d9fa00000,0x0000000d9fb00000)]
  0x000001fc4d3faa90 JavaThread "jar transforms Thread 6" [_thread_blocked, id=8852, stack(0x0000000da4c00000,0x0000000da4d00000)]
  0x000001fc4d3f70d0 JavaThread "jar transforms Thread 7" [_thread_blocked, id=13800, stack(0x0000000da4d00000,0x0000000da4e00000)]
  0x000001fc4d3faf60 JavaThread "jar transforms Thread 8" [_thread_blocked, id=924, stack(0x0000000da4e00000,0x0000000da4f00000)]
  0x000001fc4d3f8db0 JavaThread "Memory manager" [_thread_blocked, id=13616, stack(0x0000000da5000000,0x0000000da5100000)]
  0x000001fc50973160 JavaThread "Cache worker for Java compile cache (C:\Users\bkinon\.gradle\caches\8.0\javaCompile)" [_thread_blocked, id=15692, stack(0x0000000da6400000,0x0000000da6500000)]
  0x000001fc50c10cc0 JavaThread "ForkJoinPool.commonPool-worker-2" daemon [_thread_blocked, id=16800, stack(0x0000000da7400000,0x0000000da7500000)]
  0x000001fc48547890 JavaThread "Daemon Thread 3" [_thread_blocked, id=9288, stack(0x0000000d9c000000,0x0000000d9c100000)]
  0x000001fc4d8661e0 JavaThread "Daemon worker Thread 3" [_thread_in_native, id=3664, stack(0x0000000d9d600000,0x0000000d9d700000)]
  0x000001fc4d22fe20 JavaThread "included builds" [_thread_blocked, id=21532, stack(0x0000000da4f00000,0x0000000da5000000)]
  0x000001fc4d867520 JavaThread "included builds" [_thread_blocked, id=12180, stack(0x0000000da4a00000,0x0000000da4b00000)]
  0x000001fc4896e7b0 JavaThread "included builds" [_thread_blocked, id=14944, stack(0x0000000da5100000,0x0000000da5200000)]
  0x000001fc50effa70 JavaThread "included builds" [_thread_blocked, id=17272, stack(0x0000000da5200000,0x0000000da5300000)]
  0x000001fc50c0f4b0 JavaThread "Handler for socket connection from /127.0.0.1:60056 to /127.0.0.1:62729" [_thread_in_native, id=23328, stack(0x0000000d9bf00000,0x0000000d9c000000)]
  0x000001fc5254d640 JavaThread "Cancel handler" [_thread_blocked, id=20716, stack(0x0000000d9c100000,0x0000000d9c200000)]
  0x000001fc4b4a0470 JavaThread "Asynchronous log dispatcher for DefaultDaemonConnection: socket connection from /127.0.0.1:60056 to /127.0.0.1:62729" [_thread_blocked, id=20784, stack(0x0000000d9d500000,0x0000000d9d600000)]
  0x000001fc4b4a1c80 JavaThread "Stdin handler" [_thread_blocked, id=22096, stack(0x0000000d9e100000,0x0000000d9e200000)]
  0x000001fc50ba0a20 JavaThread "Daemon client event forwarder" [_thread_blocked, id=7296, stack(0x0000000d9e200000,0x0000000d9e300000)]
  0x000001fc4d3f75a0 JavaThread "Cache worker for checksums cache (C:\Users\bkinon\AndroidStudioProjects\Test\.gradle\8.0\checksums)" [_thread_blocked, id=14048, stack(0x0000000d9e300000,0x0000000d9e400000)]
  0x000001fc4d3f6c00 JavaThread "Cache worker for cache directory md-rule (C:\Users\bkinon\.gradle\caches\8.0\md-rule)" [_thread_blocked, id=9468, stack(0x0000000d9e400000,0x0000000d9e500000)]
  0x000001fc4d3f7a70 JavaThread "Cache worker for file hash cache (C:\Users\bkinon\AndroidStudioProjects\Test\.gradle\8.0\fileHashes)" [_thread_blocked, id=10360, stack(0x0000000d9e500000,0x0000000d9e600000)]
  0x000001fc4d3f8410 JavaThread "Cache worker for cache directory md-supplier (C:\Users\bkinon\.gradle\caches\8.0\md-supplier)" [_thread_blocked, id=4616, stack(0x0000000d9e600000,0x0000000d9e700000)]
  0x000001fc4d3f9750 JavaThread "Cache worker for dependencies-accessors (C:\Users\bkinon\AndroidStudioProjects\Test\.gradle\8.0\dependencies-accessors)" [_thread_blocked, id=6784, stack(0x0000000d9e700000,0x0000000d9e800000)]
  0x000001fc4d3f6260 JavaThread "Cache worker for Build Output Cleanup Cache (C:\Users\bkinon\AndroidStudioProjects\Test\.gradle\buildOutputCleanup)" [_thread_blocked, id=10864, stack(0x0000000d9ee00000,0x0000000d9ef00000)]
  0x000001fc51063630 JavaThread "C2 CompilerThread1" daemon [_thread_in_native, id=19220, stack(0x0000000d9ef00000,0x0000000d9f000000)]
  0x000001fc4d230c90 JavaThread "Unconstrained build operations" [_thread_blocked, id=17884, stack(0x0000000d9f100000,0x0000000d9f200000)]
  0x000001fc4d22f950 JavaThread "Unconstrained build operations Thread 2" [_thread_blocked, id=22260, stack(0x0000000d9f200000,0x0000000d9f300000)]
  0x000001fc4d231630 JavaThread "Unconstrained build operations Thread 3" [_thread_blocked, id=9036, stack(0x0000000d9f900000,0x0000000d9fa00000)]
  0x000001fc4d231b00 JavaThread "Unconstrained build operations Thread 4" [_thread_blocked, id=14000, stack(0x0000000d9fb00000,0x0000000d9fc00000)]
  0x000001fc4d2302f0 JavaThread "Unconstrained build operations Thread 5" [_thread_new, id=10420, stack(0x0000000000000000,0x0000000000000000)]
  0x000001fc4d231160 JavaThread "Unconstrained build operations Thread 6" [_thread_blocked, id=23768, stack(0x0000000d9fd00000,0x0000000d9fe00000)]
  0x000001fc4d22e610 JavaThread "Unconstrained build operations Thread 7" [_thread_blocked, id=22400, stack(0x0000000d9fe00000,0x0000000d9ff00000)]
  0x000001fc4d231fd0 JavaThread "Unconstrained build operations Thread 8" [_thread_new, id=9928, stack(0x0000000000000000,0x0000000000000000)]
  0x000001fc4d22eae0 JavaThread "Unconstrained build operations Thread 9" [_thread_new, id=3772, stack(0x0000000000000000,0x0000000000000000)]
  0x000001fc4d22efb0 JavaThread "Unconstrained build operations Thread 10" [_thread_blocked, id=5180, stack(0x0000000da0100000,0x0000000da0200000)]
  0x000001fc4d2307c0 JavaThread "Unconstrained build operations Thread 11" [_thread_blocked, id=23476, stack(0x0000000da0200000,0x0000000da0300000)]
  0x000001fc48d893a0 JavaThread "Unconstrained build operations Thread 12" [_thread_new, id=23460, stack(0x0000000000000000,0x0000000000000000)]
  0x000001fc48d88ed0 JavaThread "Unconstrained build operations Thread 13" [_thread_new, id=14080, stack(0x0000000000000000,0x0000000000000000)]
  0x000001fc48d88a00 JavaThread "Unconstrained build operations Thread 14" [_thread_blocked, id=24428, stack(0x0000000da0500000,0x0000000da0600000)]
  0x000001fc48d88530 JavaThread "Unconstrained build operations Thread 15" [_thread_blocked, id=22428, stack(0x0000000da0600000,0x0000000da0700000)]
  0x000001fc48d89870 JavaThread "Unconstrained build operations Thread 16" [_thread_new, id=6068, stack(0x0000000000000000,0x0000000000000000)]
  0x000001fc48d88060 JavaThread "Unconstrained build operations Thread 17" [_thread_new, id=13876, stack(0x0000000000000000,0x0000000000000000)]
  0x000001fc484ca030 JavaThread "Unconstrained build operations Thread 18" [_thread_blocked, id=11084, stack(0x0000000da0900000,0x0000000da0a00000)]
  0x000001fc484c91c0 JavaThread "Unconstrained build operations Thread 19" [_thread_blocked, id=14232, stack(0x0000000da0a00000,0x0000000da0b00000)]

Other Threads:
  0x000001fc4684cf60 VMThread "VM Thread" [stack: 0x0000000d9c800000,0x0000000d9c900000] [id=14352]
  0x000001fc46b2f060 WatcherThread [stack: 0x0000000d9d400000,0x0000000d9d500000] [id=12624]
  0x000001fc2ca38430 GCTaskThread "GC Thread#0" [stack: 0x0000000d9c300000,0x0000000d9c400000] [id=14128]
  0x000001fc47c37de0 GCTaskThread "GC Thread#1" [stack: 0x0000000d9d700000,0x0000000d9d800000] [id=19168]
  0x000001fc48a9ea60 GCTaskThread "GC Thread#2" [stack: 0x0000000d9d800000,0x0000000d9d900000] [id=19288]
  0x000001fc48a9ed10 GCTaskThread "GC Thread#3" [stack: 0x0000000d9d900000,0x0000000d9da00000] [id=23388]
  0x000001fc48797610 GCTaskThread "GC Thread#4" [stack: 0x0000000d9da00000,0x0000000d9db00000] [id=6908]
  0x000001fc487978c0 GCTaskThread "GC Thread#5" [stack: 0x0000000d9db00000,0x0000000d9dc00000] [id=10856]
  0x000001fc487bac80 GCTaskThread "GC Thread#6" [stack: 0x0000000d9dc00000,0x0000000d9dd00000] [id=21228]
  0x000001fc487baf30 GCTaskThread "GC Thread#7" [stack: 0x0000000d9dd00000,0x0000000d9de00000] [id=18540]
  0x000001fc2ca49280 ConcurrentGCThread "G1 Main Marker" [stack: 0x0000000d9c400000,0x0000000d9c500000] [id=7568]
  0x000001fc2ca4a340 ConcurrentGCThread "G1 Conc#0" [stack: 0x0000000d9c500000,0x0000000d9c600000] [id=22964]
  0x000001fc48585f30 ConcurrentGCThread "G1 Conc#1" [stack: 0x0000000d9e800000,0x0000000d9e900000] [id=21864]
  0x000001fc2caae8b0 ConcurrentGCThread "G1 Refine#0" [stack: 0x0000000d9c600000,0x0000000d9c700000] [id=24400]
  0x000001fc4cd1de70 ConcurrentGCThread "G1 Refine#1" [stack: 0x0000000d9f600000,0x0000000d9f700000] [id=22324]
  0x000001fc50e127d0 ConcurrentGCThread "G1 Refine#2" [stack: 0x0000000da5a00000,0x0000000da5b00000] [id=9368]
  0x000001fc50e14770 ConcurrentGCThread "G1 Refine#3" [stack: 0x0000000da5b00000,0x0000000da5c00000] [id=15316]
  0x000001fc50e12ab0 ConcurrentGCThread "G1 Refine#4" [stack: 0x0000000da5c00000,0x0000000da5d00000] [id=8980]
  0x000001fc50e13bf0 ConcurrentGCThread "G1 Refine#5" [stack: 0x0000000da5d00000,0x0000000da5e00000] [id=1284]
  0x000001fc467808d0 ConcurrentGCThread "G1 Service" [stack: 0x0000000d9c700000,0x0000000d9c800000] [id=16732]

Threads with active compile tasks:
C2 CompilerThread0   450491 20710       4       org.gradle.api.internal.attributes.DefaultMutableAttributeContainer::doInsertion (39 bytes)
C1 CompilerThread0   450491 20717 %     3       org.gradle.internal.component.external.model.DefaultConfigurationMetadata::withConstraints @ 22 (110 bytes)
C2 CompilerThread1   450491 20702       4       org.gradle.api.internal.artifacts.ivyservice.ivyresolve.CachingModuleComponentRepository$LocateInCacheRepositoryAccess::getProcessedMetadata (41 bytes)

VM state: not at safepoint (normal execution)

VM Mutex/Monitor currently owned by a thread: None

OutOfMemory and StackOverflow Exception counts:
OutOfMemoryError java_heap_errors=1
LinkageErrors=232

Heap address: 0x0000000080000000, size: 2048 MB, Compressed Oops mode: 32-bit

CDS archive(s) not mapped
Compressed class space mapped at: 0x0000000100000000-0x0000000140000000, reserved size: 1073741824
Narrow klass base: 0x0000000000000000, Narrow klass shift: 3, Narrow klass range: 0x140000000

GC Precious Log:
 CPUs: 8 total, 8 available
 Memory: 32672M
 Large Page Support: Disabled
 NUMA Support: Disabled
 Compressed Oops: Enabled (32-bit)
 Heap Region Size: 1M
 Heap Min Capacity: 8M
 Heap Initial Capacity: 512M
 Heap Max Capacity: 2G
 Pre-touch: Disabled
 Parallel Workers: 8
 Concurrent Workers: 2
 Concurrent Refinement Workers: 8
 Periodic GC: Disabled

Heap:
 garbage-first heap   total 299008K, used 167211K [0x0000000080000000, 0x0000000100000000)
  region size 1024K, 45 young (46080K), 2 survivors (2048K)
 Metaspace       used 127026K, committed 128256K, reserved 1163264K
  class space    used 17427K, committed 17984K, reserved 1048576K

Heap Regions: E=young(eden), S=young(survivor), O=old, HS=humongous(starts), HC=humongous(continues), CS=collection set, F=free, OA=open archive, CA=closed archive, TAMS=top-at-mark-start (previous, next)
|   0|0x0000000080000000, 0x0000000080100000, 0x0000000080100000|100%|HS|  |TAMS 0x0000000080100000, 0x0000000080000000| Complete 
|   1|0x0000000080100000, 0x0000000080200000, 0x0000000080200000|100%|HC|  |TAMS 0x0000000080200000, 0x0000000080100000| Complete 
|   2|0x0000000080200000, 0x0000000080300000, 0x0000000080300000|100%|HC|  |TAMS 0x0000000080300000, 0x0000000080200000| Complete 
|   3|0x0000000080300000, 0x0000000080400000, 0x0000000080400000|100%|HC|  |TAMS 0x0000000080400000, 0x0000000080300000| Complete 
|   4|0x0000000080400000, 0x0000000080500000, 0x0000000080500000|100%| O|  |TAMS 0x0000000080500000, 0x0000000080400000| Untracked 
|   5|0x0000000080500000, 0x0000000080600000, 0x0000000080600000|100%| O|  |TAMS 0x0000000080600000, 0x0000000080500000| Untracked 
|   6|0x0000000080600000, 0x0000000080700000, 0x0000000080700000|100%| O|  |TAMS 0x0000000080700000, 0x0000000080600000| Untracked 
|   7|0x0000000080700000, 0x0000000080800000, 0x0000000080800000|100%| O|  |TAMS 0x0000000080800000, 0x0000000080700000| Untracked 
|   8|0x0000000080800000, 0x0000000080900000, 0x0000000080900000|100%| O|  |TAMS 0x0000000080900000, 0x0000000080800000| Untracked 
|   9|0x0000000080900000, 0x0000000080a00000, 0x0000000080a00000|100%| O|  |TAMS 0x0000000080a00000, 0x0000000080900000| Untracked 
|  10|0x0000000080a00000, 0x0000000080b00000, 0x0000000080b00000|100%| O|  |TAMS 0x0000000080b00000, 0x0000000080a00000| Untracked 
|  11|0x0000000080b00000, 0x0000000080b85400, 0x0000000080c00000| 52%| O|  |TAMS 0x0000000080b85400, 0x0000000080b00000| Untracked 
|  12|0x0000000080c00000, 0x0000000080d00000, 0x0000000080d00000|100%| O|  |TAMS 0x0000000080d00000, 0x0000000080c00000| Untracked 
|  13|0x0000000080d00000, 0x0000000080e00000, 0x0000000080e00000|100%| O|  |TAMS 0x0000000080e00000, 0x0000000080d00000| Untracked 
|  14|0x0000000080e00000, 0x0000000080f00000, 0x0000000080f00000|100%| O|  |TAMS 0x0000000080f00000, 0x0000000080e00000| Untracked 
|  15|0x0000000080f00000, 0x0000000081000000, 0x0000000081000000|100%| O|  |TAMS 0x0000000081000000, 0x0000000080f00000| Untracked 
|  16|0x0000000081000000, 0x0000000081100000, 0x0000000081100000|100%| O|  |TAMS 0x0000000081100000, 0x0000000081000000| Untracked 
|  17|0x0000000081100000, 0x0000000081200000, 0x0000000081200000|100%| O|  |TAMS 0x0000000081200000, 0x0000000081100000| Untracked 
|  18|0x0000000081200000, 0x0000000081300000, 0x0000000081300000|100%| O|  |TAMS 0x0000000081300000, 0x0000000081200000| Untracked 
|  19|0x0000000081300000, 0x0000000081400000, 0x0000000081400000|100%| O|  |TAMS 0x0000000081400000, 0x0000000081300000| Untracked 
|  20|0x0000000081400000, 0x0000000081500000, 0x0000000081500000|100%| O|  |TAMS 0x0000000081500000, 0x0000000081400000| Untracked 
|  21|0x0000000081500000, 0x0000000081600000, 0x0000000081600000|100%| O|  |TAMS 0x0000000081600000, 0x0000000081500000| Untracked 
|  22|0x0000000081600000, 0x0000000081700000, 0x0000000081700000|100%| O|  |TAMS 0x0000000081700000, 0x0000000081600000| Untracked 
|  23|0x0000000081700000, 0x0000000081800000, 0x0000000081800000|100%| O|  |TAMS 0x0000000081800000, 0x0000000081700000| Untracked 
|  24|0x0000000081800000, 0x0000000081900000, 0x0000000081900000|100%| O|  |TAMS 0x0000000081900000, 0x0000000081800000| Untracked 
|  25|0x0000000081900000, 0x0000000081a00000, 0x0000000081a00000|100%| O|  |TAMS 0x0000000081a00000, 0x0000000081900000| Untracked 
|  26|0x0000000081a00000, 0x0000000081b00000, 0x0000000081b00000|100%| O|  |TAMS 0x0000000081b00000, 0x0000000081a00000| Untracked 
|  27|0x0000000081b00000, 0x0000000081c00000, 0x0000000081c00000|100%| O|  |TAMS 0x0000000081c00000, 0x0000000081b00000| Untracked 
|  28|0x0000000081c00000, 0x0000000081d00000, 0x0000000081d00000|100%| O|  |TAMS 0x0000000081d00000, 0x0000000081c00000| Untracked 
|  29|0x0000000081d00000, 0x0000000081e00000, 0x0000000081e00000|100%| O|  |TAMS 0x0000000081e00000, 0x0000000081d00000| Untracked 
|  30|0x0000000081e00000, 0x0000000081f00000, 0x0000000081f00000|100%| O|  |TAMS 0x0000000081f00000, 0x0000000081e00000| Untracked 
|  31|0x0000000081f00000, 0x0000000082000000, 0x0000000082000000|100%| O|  |TAMS 0x0000000082000000, 0x0000000081f00000| Untracked 
|  32|0x0000000082000000, 0x0000000082100000, 0x0000000082100000|100%| O|  |TAMS 0x0000000082100000, 0x0000000082000000| Untracked 
|  33|0x0000000082100000, 0x0000000082200000, 0x0000000082200000|100%| O|  |TAMS 0x0000000082200000, 0x0000000082100000| Untracked 
|  34|0x0000000082200000, 0x0000000082300000, 0x0000000082300000|100%| O|  |TAMS 0x0000000082300000, 0x0000000082200000| Untracked 
|  35|0x0000000082300000, 0x0000000082400000, 0x0000000082400000|100%| O|  |TAMS 0x0000000082400000, 0x0000000082300000| Untracked 
|  36|0x0000000082400000, 0x0000000082500000, 0x0000000082500000|100%|HS|  |TAMS 0x0000000082500000, 0x0000000082400000| Complete 
|  37|0x0000000082500000, 0x0000000082600000, 0x0000000082600000|100%|HS|  |TAMS 0x0000000082600000, 0x0000000082500000| Complete 
|  38|0x0000000082600000, 0x0000000082700000, 0x0000000082700000|100%| O|  |TAMS 0x0000000082700000, 0x0000000082600000| Untracked 
|  39|0x0000000082700000, 0x0000000082800000, 0x0000000082800000|100%| O|  |TAMS 0x0000000082800000, 0x0000000082700000| Untracked 
|  40|0x0000000082800000, 0x0000000082900000, 0x0000000082900000|100%| O|  |TAMS 0x0000000082900000, 0x0000000082800000| Untracked 
|  41|0x0000000082900000, 0x0000000082a00000, 0x0000000082a00000|100%| O|  |TAMS 0x0000000082a00000, 0x0000000082900000| Untracked 
|  42|0x0000000082a00000, 0x0000000082b00000, 0x0000000082b00000|100%| O|  |TAMS 0x0000000082b00000, 0x0000000082a00000| Untracked 
|  43|0x0000000082b00000, 0x0000000082c00000, 0x0000000082c00000|100%| O|  |TAMS 0x0000000082c00000, 0x0000000082b00000| Untracked 
|  44|0x0000000082c00000, 0x0000000082d00000, 0x0000000082d00000|100%| O|  |TAMS 0x0000000082d00000, 0x0000000082c00000| Untracked 
|  45|0x0000000082d00000, 0x0000000082e00000, 0x0000000082e00000|100%| O|  |TAMS 0x0000000082e00000, 0x0000000082d00000| Untracked 
|  46|0x0000000082e00000, 0x0000000082f00000, 0x0000000082f00000|100%| O|  |TAMS 0x0000000082f00000, 0x0000000082e00000| Untracked 
|  47|0x0000000082f00000, 0x0000000083000000, 0x0000000083000000|100%| O|  |TAMS 0x0000000083000000, 0x0000000082f00000| Untracked 
|  48|0x0000000083000000, 0x0000000083100000, 0x0000000083100000|100%| O|  |TAMS 0x0000000083100000, 0x0000000083000000| Untracked 
|  49|0x0000000083100000, 0x0000000083200000, 0x0000000083200000|100%| O|  |TAMS 0x0000000083200000, 0x0000000083100000| Untracked 
|  50|0x0000000083200000, 0x0000000083300000, 0x0000000083300000|100%| O|  |TAMS 0x0000000083300000, 0x0000000083200000| Untracked 
|  51|0x0000000083300000, 0x0000000083400000, 0x0000000083400000|100%| O|  |TAMS 0x0000000083400000, 0x0000000083300000| Untracked 
|  52|0x0000000083400000, 0x0000000083500000, 0x0000000083500000|100%| O|  |TAMS 0x0000000083500000, 0x0000000083400000| Untracked 
|  53|0x0000000083500000, 0x0000000083600000, 0x0000000083600000|100%| O|  |TAMS 0x0000000083600000, 0x0000000083500000| Untracked 
|  54|0x0000000083600000, 0x0000000083700000, 0x0000000083700000|100%| O|  |TAMS 0x0000000083700000, 0x0000000083600000| Untracked 
|  55|0x0000000083700000, 0x0000000083800000, 0x0000000083800000|100%| O|  |TAMS 0x0000000083800000, 0x0000000083700000| Untracked 
|  56|0x0000000083800000, 0x0000000083900000, 0x0000000083900000|100%| O|  |TAMS 0x0000000083900000, 0x0000000083800000| Untracked 
|  57|0x0000000083900000, 0x0000000083a00000, 0x0000000083a00000|100%| O|  |TAMS 0x0000000083a00000, 0x0000000083900000| Untracked 
|  58|0x0000000083a00000, 0x0000000083b00000, 0x0000000083b00000|100%| O|  |TAMS 0x0000000083b00000, 0x0000000083a00000| Untracked 
|  59|0x0000000083b00000, 0x0000000083c00000, 0x0000000083c00000|100%| O|  |TAMS 0x0000000083c00000, 0x0000000083b00000| Untracked 
|  60|0x0000000083c00000, 0x0000000083d00000, 0x0000000083d00000|100%| O|  |TAMS 0x0000000083d00000, 0x0000000083c00000| Untracked 
|  61|0x0000000083d00000, 0x0000000083e00000, 0x0000000083e00000|100%| O|  |TAMS 0x0000000083e00000, 0x0000000083d00000| Untracked 
|  62|0x0000000083e00000, 0x0000000083f00000, 0x0000000083f00000|100%| O|  |TAMS 0x0000000083f00000, 0x0000000083e00000| Untracked 
|  63|0x0000000083f00000, 0x0000000084000000, 0x0000000084000000|100%| O|  |TAMS 0x0000000084000000, 0x0000000083f00000| Untracked 
|  64|0x0000000084000000, 0x0000000084100000, 0x0000000084100000|100%| O|  |TAMS 0x0000000084100000, 0x0000000084000000| Untracked 
|  65|0x0000000084100000, 0x0000000084200000, 0x0000000084200000|100%| O|  |TAMS 0x0000000084200000, 0x0000000084100000| Untracked 
|  66|0x0000000084200000, 0x0000000084300000, 0x0000000084300000|100%| O|  |TAMS 0x0000000084300000, 0x0000000084200000| Untracked 
|  67|0x0000000084300000, 0x0000000084400000, 0x0000000084400000|100%| O|  |TAMS 0x0000000084400000, 0x0000000084300000| Untracked 
|  68|0x0000000084400000, 0x0000000084500000, 0x0000000084500000|100%| O|  |TAMS 0x0000000084500000, 0x0000000084400000| Untracked 
|  69|0x0000000084500000, 0x0000000084600000, 0x0000000084600000|100%| O|  |TAMS 0x0000000084500000, 0x0000000084500000| Untracked 
|  70|0x0000000084600000, 0x0000000084700000, 0x0000000084700000|100%| O|  |TAMS 0x0000000084700000, 0x0000000084600000| Untracked 
|  71|0x0000000084700000, 0x0000000084800000, 0x0000000084800000|100%| O|  |TAMS 0x0000000084800000, 0x0000000084700000| Untracked 
|  72|0x0000000084800000, 0x0000000084900000, 0x0000000084900000|100%| O|  |TAMS 0x0000000084900000, 0x0000000084800000| Untracked 
|  73|0x0000000084900000, 0x0000000084a00000, 0x0000000084a00000|100%| O|  |TAMS 0x0000000084a00000, 0x0000000084900000| Untracked 
|  74|0x0000000084a00000, 0x0000000084b00000, 0x0000000084b00000|100%| O|  |TAMS 0x0000000084b00000, 0x0000000084a00000| Untracked 
|  75|0x0000000084b00000, 0x0000000084c00000, 0x0000000084c00000|100%| O|  |TAMS 0x0000000084c00000, 0x0000000084b00000| Untracked 
|  76|0x0000000084c00000, 0x0000000084d00000, 0x0000000084d00000|100%| O|  |TAMS 0x0000000084d00000, 0x0000000084c00000| Untracked 
|  77|0x0000000084d00000, 0x0000000084e00000, 0x0000000084e00000|100%| O|  |TAMS 0x0000000084e00000, 0x0000000084d00000| Untracked 
|  78|0x0000000084e00000, 0x0000000084f00000, 0x0000000084f00000|100%| O|  |TAMS 0x0000000084f00000, 0x0000000084e00000| Untracked 
|  79|0x0000000084f00000, 0x0000000085000000, 0x0000000085000000|100%| O|  |TAMS 0x0000000085000000, 0x0000000084f00000| Untracked 
|  80|0x0000000085000000, 0x0000000085100000, 0x0000000085100000|100%| O|  |TAMS 0x0000000085100000, 0x0000000085000000| Untracked 
|  81|0x0000000085100000, 0x0000000085200000, 0x0000000085200000|100%| O|  |TAMS 0x0000000085200000, 0x0000000085100000| Untracked 
|  82|0x0000000085200000, 0x0000000085300000, 0x0000000085300000|100%| O|  |TAMS 0x0000000085300000, 0x0000000085200000| Untracked 
|  83|0x0000000085300000, 0x0000000085400000, 0x0000000085400000|100%| O|  |TAMS 0x0000000085400000, 0x0000000085300000| Untracked 
|  84|0x0000000085400000, 0x0000000085500000, 0x0000000085500000|100%| O|  |TAMS 0x0000000085500000, 0x0000000085400000| Untracked 
|  85|0x0000000085500000, 0x0000000085600000, 0x0000000085600000|100%| O|  |TAMS 0x0000000085600000, 0x0000000085500000| Untracked 
|  86|0x0000000085600000, 0x0000000085700000, 0x0000000085700000|100%| O|  |TAMS 0x0000000085700000, 0x0000000085600000| Untracked 
|  87|0x0000000085700000, 0x0000000085800000, 0x0000000085800000|100%| O|  |TAMS 0x0000000085800000, 0x0000000085700000| Untracked 
|  88|0x0000000085800000, 0x0000000085900000, 0x0000000085900000|100%| O|  |TAMS 0x0000000085900000, 0x0000000085800000| Untracked 
|  89|0x0000000085900000, 0x0000000085a00000, 0x0000000085a00000|100%| O|  |TAMS 0x0000000085a00000, 0x0000000085900000| Untracked 
|  90|0x0000000085a00000, 0x0000000085b00000, 0x0000000085b00000|100%| O|  |TAMS 0x0000000085b00000, 0x0000000085a00000| Untracked 
|  91|0x0000000085b00000, 0x0000000085c00000, 0x0000000085c00000|100%| O|  |TAMS 0x0000000085b00000, 0x0000000085b00000| Untracked 
|  92|0x0000000085c00000, 0x0000000085d00000, 0x0000000085d00000|100%| O|  |TAMS 0x0000000085c00000, 0x0000000085c00000| Untracked 
|  93|0x0000000085d00000, 0x0000000085e00000, 0x0000000085e00000|100%| O|  |TAMS 0x0000000085d00000, 0x0000000085d00000| Untracked 
|  94|0x0000000085e00000, 0x0000000085f00000, 0x0000000085f00000|100%| O|  |TAMS 0x0000000085e00000, 0x0000000085e00000| Untracked 
|  95|0x0000000085f00000, 0x0000000086000000, 0x0000000086000000|100%| O|  |TAMS 0x0000000085f00000, 0x0000000085f00000| Untracked 
|  96|0x0000000086000000, 0x0000000086100000, 0x0000000086100000|100%| O|  |TAMS 0x0000000086100000, 0x0000000086000000| Untracked 
|  97|0x0000000086100000, 0x0000000086200000, 0x0000000086200000|100%| O|  |TAMS 0x0000000086200000, 0x0000000086100000| Untracked 
|  98|0x0000000086200000, 0x0000000086300000, 0x0000000086300000|100%| O|  |TAMS 0x0000000086200000, 0x0000000086200000| Untracked 
|  99|0x0000000086300000, 0x0000000086400000, 0x0000000086400000|100%| O|  |TAMS 0x0000000086400000, 0x0000000086300000| Untracked 
| 100|0x0000000086400000, 0x0000000086500000, 0x0000000086500000|100%| O|  |TAMS 0x0000000086500000, 0x0000000086400000| Untracked 
| 101|0x0000000086500000, 0x0000000086600000, 0x0000000086600000|100%| O|  |TAMS 0x0000000086600000, 0x0000000086500000| Untracked 
| 102|0x0000000086600000, 0x0000000086700000, 0x0000000086700000|100%| O|  |TAMS 0x000000008669b600, 0x0000000086600000| Untracked 
| 103|0x0000000086700000, 0x0000000086800000, 0x0000000086800000|100%| O|  |TAMS 0x0000000086700000, 0x0000000086700000| Untracked 
| 104|0x0000000086800000, 0x0000000086900000, 0x0000000086900000|100%| O|  |TAMS 0x0000000086800000, 0x0000000086800000| Untracked 
| 105|0x0000000086900000, 0x0000000086a00000, 0x0000000086a00000|100%| O|  |TAMS 0x0000000086900000, 0x0000000086900000| Untracked 
| 106|0x0000000086a00000, 0x0000000086b00000, 0x0000000086b00000|100%| O|  |TAMS 0x0000000086a00000, 0x0000000086a00000| Untracked 
| 107|0x0000000086b00000, 0x0000000086c00000, 0x0000000086c00000|100%| O|  |TAMS 0x0000000086b00000, 0x0000000086b00000| Untracked 
| 108|0x0000000086c00000, 0x0000000086d00000, 0x0000000086d00000|100%| O|  |TAMS 0x0000000086c00000, 0x0000000086c00000| Untracked 
| 109|0x0000000086d00000, 0x0000000086d00000, 0x0000000086e00000|  0%| F|  |TAMS 0x0000000086d00000, 0x0000000086d00000| Untracked 
| 110|0x0000000086e00000, 0x0000000086f00000, 0x0000000086f00000|100%| O|  |TAMS 0x0000000086f00000, 0x0000000086e00000| Untracked 
| 111|0x0000000086f00000, 0x0000000087000000, 0x0000000087000000|100%| O|  |TAMS 0x0000000087000000, 0x0000000086f00000| Untracked 
| 112|0x0000000087000000, 0x0000000087100000, 0x0000000087100000|100%| O|  |TAMS 0x0000000087100000, 0x0000000087000000| Untracked 
| 113|0x0000000087100000, 0x0000000087200000, 0x0000000087200000|100%| O|  |TAMS 0x0000000087200000, 0x0000000087100000| Untracked 
| 114|0x0000000087200000, 0x0000000087300000, 0x0000000087300000|100%| O|  |TAMS 0x0000000087300000, 0x0000000087200000| Untracked 
| 115|0x0000000087300000, 0x0000000087400000, 0x0000000087400000|100%| O|  |TAMS 0x0000000087400000, 0x0000000087300000| Untracked 
| 116|0x0000000087400000, 0x0000000087500000, 0x0000000087500000|100%| O|  |TAMS 0x0000000087400000, 0x0000000087400000| Untracked 
| 117|0x0000000087500000, 0x0000000087600000, 0x0000000087600000|100%| O|  |TAMS 0x0000000087500000, 0x0000000087500000| Untracked 
| 118|0x0000000087600000, 0x0000000087700000, 0x0000000087700000|100%| O|  |TAMS 0x0000000087600000, 0x0000000087600000| Untracked 
| 119|0x0000000087700000, 0x0000000087800000, 0x0000000087800000|100%| O|  |TAMS 0x0000000087700000, 0x0000000087700000| Untracked 
| 120|0x0000000087800000, 0x00000000878e4600, 0x0000000087900000| 89%| O|  |TAMS 0x0000000087800000, 0x0000000087800000| Untracked 
| 121|0x0000000087900000, 0x0000000087900000, 0x0000000087a00000|  0%| F|  |TAMS 0x0000000087900000, 0x0000000087900000| Untracked 
| 122|0x0000000087a00000, 0x0000000087a00000, 0x0000000087b00000|  0%| F|  |TAMS 0x0000000087a00000, 0x0000000087a00000| Untracked 
| 123|0x0000000087b00000, 0x0000000087b00000, 0x0000000087c00000|  0%| F|  |TAMS 0x0000000087b00000, 0x0000000087b00000| Untracked 
| 124|0x0000000087c00000, 0x0000000087c00000, 0x0000000087d00000|  0%| F|  |TAMS 0x0000000087c00000, 0x0000000087c00000| Untracked 
| 125|0x0000000087d00000, 0x0000000087d00000, 0x0000000087e00000|  0%| F|  |TAMS 0x0000000087d00000, 0x0000000087d00000| Untracked 
| 126|0x0000000087e00000, 0x0000000087e00000, 0x0000000087f00000|  0%| F|  |TAMS 0x0000000087e00000, 0x0000000087e00000| Untracked 
| 127|0x0000000087f00000, 0x0000000087f00000, 0x0000000088000000|  0%| F|  |TAMS 0x0000000087f00000, 0x0000000087f00000| Untracked 
| 128|0x0000000088000000, 0x0000000088000000, 0x0000000088100000|  0%| F|  |TAMS 0x0000000088000000, 0x0000000088000000| Untracked 
| 129|0x0000000088100000, 0x0000000088100000, 0x0000000088200000|  0%| F|  |TAMS 0x0000000088100000, 0x0000000088100000| Untracked 
| 130|0x0000000088200000, 0x0000000088200000, 0x0000000088300000|  0%| F|  |TAMS 0x0000000088200000, 0x0000000088200000| Untracked 
| 131|0x0000000088300000, 0x0000000088300000, 0x0000000088400000|  0%| F|  |TAMS 0x0000000088300000, 0x0000000088300000| Untracked 
| 132|0x0000000088400000, 0x0000000088400000, 0x0000000088500000|  0%| F|  |TAMS 0x0000000088400000, 0x0000000088400000| Untracked 
| 133|0x0000000088500000, 0x0000000088500000, 0x0000000088600000|  0%| F|  |TAMS 0x0000000088500000, 0x0000000088500000| Untracked 
| 134|0x0000000088600000, 0x0000000088600000, 0x0000000088700000|  0%| F|  |TAMS 0x0000000088600000, 0x0000000088600000| Untracked 
| 135|0x0000000088700000, 0x0000000088700000, 0x0000000088800000|  0%| F|  |TAMS 0x0000000088700000, 0x0000000088700000| Untracked 
| 136|0x0000000088800000, 0x0000000088800000, 0x0000000088900000|  0%| F|  |TAMS 0x0000000088800000, 0x0000000088800000| Untracked 
| 137|0x0000000088900000, 0x0000000088900000, 0x0000000088a00000|  0%| F|  |TAMS 0x0000000088900000, 0x0000000088900000| Untracked 
| 138|0x0000000088a00000, 0x0000000088a00000, 0x0000000088b00000|  0%| F|  |TAMS 0x0000000088a00000, 0x0000000088a00000| Untracked 
| 139|0x0000000088b00000, 0x0000000088b00000, 0x0000000088c00000|  0%| F|  |TAMS 0x0000000088b00000, 0x0000000088b00000| Untracked 
| 140|0x0000000088c00000, 0x0000000088c00000, 0x0000000088d00000|  0%| F|  |TAMS 0x0000000088c00000, 0x0000000088c00000| Untracked 
| 141|0x0000000088d00000, 0x0000000088e00000, 0x0000000088e00000|100%| O|  |TAMS 0x0000000088e00000, 0x0000000088d00000| Untracked 
| 142|0x0000000088e00000, 0x0000000088e00000, 0x0000000088f00000|  0%| F|  |TAMS 0x0000000088e00000, 0x0000000088e00000| Untracked 
| 143|0x0000000088f00000, 0x0000000088f00000, 0x0000000089000000|  0%| F|  |TAMS 0x0000000088f00000, 0x0000000088f00000| Untracked 
| 144|0x0000000089000000, 0x0000000089000000, 0x0000000089100000|  0%| F|  |TAMS 0x0000000089000000, 0x0000000089000000| Untracked 
| 145|0x0000000089100000, 0x0000000089100000, 0x0000000089200000|  0%| F|  |TAMS 0x0000000089100000, 0x0000000089100000| Untracked 
| 146|0x0000000089200000, 0x0000000089200000, 0x0000000089300000|  0%| F|  |TAMS 0x0000000089200000, 0x0000000089200000| Untracked 
| 147|0x0000000089300000, 0x0000000089300000, 0x0000000089400000|  0%| F|  |TAMS 0x0000000089300000, 0x0000000089300000| Untracked 
| 148|0x0000000089400000, 0x0000000089400000, 0x0000000089500000|  0%| F|  |TAMS 0x0000000089400000, 0x0000000089400000| Untracked 
| 149|0x0000000089500000, 0x0000000089500000, 0x0000000089600000|  0%| F|  |TAMS 0x0000000089500000, 0x0000000089500000| Untracked 
| 150|0x0000000089600000, 0x0000000089600000, 0x0000000089700000|  0%| F|  |TAMS 0x0000000089600000, 0x0000000089600000| Untracked 
| 151|0x0000000089700000, 0x0000000089700000, 0x0000000089800000|  0%| F|  |TAMS 0x0000000089700000, 0x0000000089700000| Untracked 
| 152|0x0000000089800000, 0x0000000089800000, 0x0000000089900000|  0%| F|  |TAMS 0x0000000089800000, 0x0000000089800000| Untracked 
| 153|0x0000000089900000, 0x0000000089900000, 0x0000000089a00000|  0%| F|  |TAMS 0x0000000089900000, 0x0000000089900000| Untracked 
| 154|0x0000000089a00000, 0x0000000089a00000, 0x0000000089b00000|  0%| F|  |TAMS 0x0000000089a00000, 0x0000000089a00000| Untracked 
| 155|0x0000000089b00000, 0x0000000089b00000, 0x0000000089c00000|  0%| F|  |TAMS 0x0000000089b00000, 0x0000000089b00000| Untracked 
| 156|0x0000000089c00000, 0x0000000089c00000, 0x0000000089d00000|  0%| F|  |TAMS 0x0000000089c00000, 0x0000000089c00000| Untracked 
| 157|0x0000000089d00000, 0x0000000089d00000, 0x0000000089e00000|  0%| F|  |TAMS 0x0000000089d00000, 0x0000000089d00000| Untracked 
| 158|0x0000000089e00000, 0x0000000089e00000, 0x0000000089f00000|  0%| F|  |TAMS 0x0000000089e00000, 0x0000000089e00000| Untracked 
| 159|0x0000000089f00000, 0x0000000089f00000, 0x000000008a000000|  0%| F|  |TAMS 0x0000000089f00000, 0x0000000089f00000| Untracked 
| 160|0x000000008a000000, 0x000000008a000000, 0x000000008a100000|  0%| F|  |TAMS 0x000000008a000000, 0x000000008a000000| Untracked 
| 161|0x000000008a100000, 0x000000008a100000, 0x000000008a200000|  0%| F|  |TAMS 0x000000008a100000, 0x000000008a100000| Untracked 
| 162|0x000000008a200000, 0x000000008a200000, 0x000000008a300000|  0%| F|  |TAMS 0x000000008a200000, 0x000000008a200000| Untracked 
| 163|0x000000008a300000, 0x000000008a300000, 0x000000008a400000|  0%| F|  |TAMS 0x000000008a300000, 0x000000008a300000| Untracked 
| 164|0x000000008a400000, 0x000000008a400000, 0x000000008a500000|  0%| F|  |TAMS 0x000000008a400000, 0x000000008a400000| Untracked 
| 165|0x000000008a500000, 0x000000008a500000, 0x000000008a600000|  0%| F|  |TAMS 0x000000008a500000, 0x000000008a500000| Untracked 
| 166|0x000000008a600000, 0x000000008a600000, 0x000000008a700000|  0%| F|  |TAMS 0x000000008a600000, 0x000000008a600000| Untracked 
| 167|0x000000008a700000, 0x000000008a700000, 0x000000008a800000|  0%| F|  |TAMS 0x000000008a700000, 0x000000008a700000| Untracked 
| 168|0x000000008a800000, 0x000000008a800000, 0x000000008a900000|  0%| F|  |TAMS 0x000000008a800000, 0x000000008a800000| Untracked 
| 169|0x000000008a900000, 0x000000008a900000, 0x000000008aa00000|  0%| F|  |TAMS 0x000000008a900000, 0x000000008a900000| Untracked 
| 170|0x000000008aa00000, 0x000000008aa00000, 0x000000008ab00000|  0%| F|  |TAMS 0x000000008aa00000, 0x000000008aa00000| Untracked 
| 171|0x000000008ab00000, 0x000000008ab00000, 0x000000008ac00000|  0%| F|  |TAMS 0x000000008ab00000, 0x000000008ab00000| Untracked 
| 172|0x000000008ac00000, 0x000000008ac00000, 0x000000008ad00000|  0%| F|  |TAMS 0x000000008ac00000, 0x000000008ac00000| Untracked 
| 173|0x000000008ad00000, 0x000000008ad00000, 0x000000008ae00000|  0%| F|  |TAMS 0x000000008ad00000, 0x000000008ad00000| Untracked 
| 174|0x000000008ae00000, 0x000000008ae00000, 0x000000008af00000|  0%| F|  |TAMS 0x000000008ae00000, 0x000000008ae00000| Untracked 
| 175|0x000000008af00000, 0x000000008af00000, 0x000000008b000000|  0%| F|  |TAMS 0x000000008af00000, 0x000000008af00000| Untracked 
| 176|0x000000008b000000, 0x000000008b000000, 0x000000008b100000|  0%| F|  |TAMS 0x000000008b000000, 0x000000008b000000| Untracked 
| 177|0x000000008b100000, 0x000000008b100000, 0x000000008b200000|  0%| F|  |TAMS 0x000000008b100000, 0x000000008b100000| Untracked 
| 178|0x000000008b200000, 0x000000008b200000, 0x000000008b300000|  0%| F|  |TAMS 0x000000008b200000, 0x000000008b200000| Untracked 
| 179|0x000000008b300000, 0x000000008b300000, 0x000000008b400000|  0%| F|  |TAMS 0x000000008b300000, 0x000000008b300000| Untracked 
| 180|0x000000008b400000, 0x000000008b400000, 0x000000008b500000|  0%| F|  |TAMS 0x000000008b400000, 0x000000008b400000| Untracked 
| 181|0x000000008b500000, 0x000000008b500000, 0x000000008b600000|  0%| F|  |TAMS 0x000000008b500000, 0x000000008b500000| Untracked 
| 182|0x000000008b600000, 0x000000008b600000, 0x000000008b700000|  0%| F|  |TAMS 0x000000008b600000, 0x000000008b600000| Untracked 
| 183|0x000000008b700000, 0x000000008b700000, 0x000000008b800000|  0%| F|  |TAMS 0x000000008b700000, 0x000000008b700000| Untracked 
| 184|0x000000008b800000, 0x000000008b800000, 0x000000008b900000|  0%| F|  |TAMS 0x000000008b800000, 0x000000008b800000| Untracked 
| 185|0x000000008b900000, 0x000000008b900000, 0x000000008ba00000|  0%| F|  |TAMS 0x000000008b900000, 0x000000008b900000| Untracked 
| 186|0x000000008ba00000, 0x000000008ba00000, 0x000000008bb00000|  0%| F|  |TAMS 0x000000008ba00000, 0x000000008ba00000| Untracked 
| 187|0x000000008bb00000, 0x000000008bb00000, 0x000000008bc00000|  0%| F|  |TAMS 0x000000008bb00000, 0x000000008bb00000| Untracked 
| 188|0x000000008bc00000, 0x000000008bc00000, 0x000000008bd00000|  0%| F|  |TAMS 0x000000008bc00000, 0x000000008bc00000| Untracked 
| 189|0x000000008bd00000, 0x000000008bd00000, 0x000000008be00000|  0%| F|  |TAMS 0x000000008bd00000, 0x000000008bd00000| Untracked 
| 190|0x000000008be00000, 0x000000008be00000, 0x000000008bf00000|  0%| F|  |TAMS 0x000000008be00000, 0x000000008be00000| Untracked 
| 191|0x000000008bf00000, 0x000000008bf00000, 0x000000008c000000|  0%| F|  |TAMS 0x000000008bf00000, 0x000000008bf00000| Untracked 
| 192|0x000000008c000000, 0x000000008c000000, 0x000000008c100000|  0%| F|  |TAMS 0x000000008c000000, 0x000000008c000000| Untracked 
| 193|0x000000008c100000, 0x000000008c100000, 0x000000008c200000|  0%| F|  |TAMS 0x000000008c100000, 0x000000008c100000| Untracked 
| 194|0x000000008c200000, 0x000000008c200000, 0x000000008c300000|  0%| F|  |TAMS 0x000000008c200000, 0x000000008c200000| Untracked 
| 195|0x000000008c300000, 0x000000008c300000, 0x000000008c400000|  0%| F|  |TAMS 0x000000008c300000, 0x000000008c300000| Untracked 
| 196|0x000000008c400000, 0x000000008c400000, 0x000000008c500000|  0%| F|  |TAMS 0x000000008c400000, 0x000000008c400000| Untracked 
| 197|0x000000008c500000, 0x000000008c500000, 0x000000008c600000|  0%| F|  |TAMS 0x000000008c500000, 0x000000008c500000| Untracked 
| 198|0x000000008c600000, 0x000000008c600000, 0x000000008c700000|  0%| F|  |TAMS 0x000000008c600000, 0x000000008c600000| Untracked 
| 199|0x000000008c700000, 0x000000008c700000, 0x000000008c800000|  0%| F|  |TAMS 0x000000008c700000, 0x000000008c700000| Untracked 
| 200|0x000000008c800000, 0x000000008c800000, 0x000000008c900000|  0%| F|  |TAMS 0x000000008c800000, 0x000000008c800000| Untracked 
| 201|0x000000008c900000, 0x000000008c900000, 0x000000008ca00000|  0%| F|  |TAMS 0x000000008c900000, 0x000000008c900000| Untracked 
| 202|0x000000008ca00000, 0x000000008ca00000, 0x000000008cb00000|  0%| F|  |TAMS 0x000000008ca00000, 0x000000008ca00000| Untracked 
| 203|0x000000008cb00000, 0x000000008cb00000, 0x000000008cc00000|  0%| F|  |TAMS 0x000000008cb00000, 0x000000008cb00000| Untracked 
| 204|0x000000008cc00000, 0x000000008cc00000, 0x000000008cd00000|  0%| F|  |TAMS 0x000000008cc00000, 0x000000008cc00000| Untracked 
| 205|0x000000008cd00000, 0x000000008cd00000, 0x000000008ce00000|  0%| F|  |TAMS 0x000000008cd00000, 0x000000008cd00000| Untracked 
| 206|0x000000008ce00000, 0x000000008ce00000, 0x000000008cf00000|  0%| F|  |TAMS 0x000000008ce00000, 0x000000008ce00000| Untracked 
| 207|0x000000008cf00000, 0x000000008cf00000, 0x000000008d000000|  0%| F|  |TAMS 0x000000008cf00000, 0x000000008cf00000| Untracked 
| 208|0x000000008d000000, 0x000000008d000000, 0x000000008d100000|  0%| F|  |TAMS 0x000000008d000000, 0x000000008d000000| Untracked 
| 209|0x000000008d100000, 0x000000008d100000, 0x000000008d200000|  0%| F|  |TAMS 0x000000008d100000, 0x000000008d100000| Untracked 
| 210|0x000000008d200000, 0x000000008d200000, 0x000000008d300000|  0%| F|  |TAMS 0x000000008d200000, 0x000000008d200000| Untracked 
| 211|0x000000008d300000, 0x000000008d300000, 0x000000008d400000|  0%| F|  |TAMS 0x000000008d300000, 0x000000008d300000| Untracked 
| 212|0x000000008d400000, 0x000000008d400000, 0x000000008d500000|  0%| F|  |TAMS 0x000000008d400000, 0x000000008d400000| Untracked 
| 213|0x000000008d500000, 0x000000008d500000, 0x000000008d600000|  0%| F|  |TAMS 0x000000008d500000, 0x000000008d500000| Untracked 
| 214|0x000000008d600000, 0x000000008d600000, 0x000000008d700000|  0%| F|  |TAMS 0x000000008d600000, 0x000000008d600000| Untracked 
| 215|0x000000008d700000, 0x000000008d700000, 0x000000008d800000|  0%| F|  |TAMS 0x000000008d700000, 0x000000008d700000| Untracked 
| 216|0x000000008d800000, 0x000000008d800000, 0x000000008d900000|  0%| F|  |TAMS 0x000000008d800000, 0x000000008d800000| Untracked 
| 217|0x000000008d900000, 0x000000008d900000, 0x000000008da00000|  0%| F|  |TAMS 0x000000008d900000, 0x000000008d900000| Untracked 
| 218|0x000000008da00000, 0x000000008da00000, 0x000000008db00000|  0%| F|  |TAMS 0x000000008da00000, 0x000000008da00000| Untracked 
| 219|0x000000008db00000, 0x000000008db00000, 0x000000008dc00000|  0%| F|  |TAMS 0x000000008db00000, 0x000000008db00000| Untracked 
| 220|0x000000008dc00000, 0x000000008dc00000, 0x000000008dd00000|  0%| F|  |TAMS 0x000000008dc00000, 0x000000008dc00000| Untracked 
| 221|0x000000008dd00000, 0x000000008dd00000, 0x000000008de00000|  0%| F|  |TAMS 0x000000008dd00000, 0x000000008dd00000| Untracked 
| 222|0x000000008de00000, 0x000000008de00000, 0x000000008df00000|  0%| F|  |TAMS 0x000000008de00000, 0x000000008de00000| Untracked 
| 223|0x000000008df00000, 0x000000008df00000, 0x000000008e000000|  0%| F|  |TAMS 0x000000008df00000, 0x000000008df00000| Untracked 
| 224|0x000000008e000000, 0x000000008e000000, 0x000000008e100000|  0%| F|  |TAMS 0x000000008e000000, 0x000000008e000000| Untracked 
| 225|0x000000008e100000, 0x000000008e100000, 0x000000008e200000|  0%| F|  |TAMS 0x000000008e100000, 0x000000008e100000| Untracked 
| 226|0x000000008e200000, 0x000000008e200000, 0x000000008e300000|  0%| F|  |TAMS 0x000000008e200000, 0x000000008e200000| Untracked 
| 227|0x000000008e300000, 0x000000008e300000, 0x000000008e400000|  0%| F|  |TAMS 0x000000008e300000, 0x000000008e300000| Untracked 
| 228|0x000000008e400000, 0x000000008e400000, 0x000000008e500000|  0%| F|  |TAMS 0x000000008e400000, 0x000000008e400000| Untracked 
| 229|0x000000008e500000, 0x000000008e500000, 0x000000008e600000|  0%| F|  |TAMS 0x000000008e500000, 0x000000008e500000| Untracked 
| 230|0x000000008e600000, 0x000000008e600000, 0x000000008e700000|  0%| F|  |TAMS 0x000000008e600000, 0x000000008e600000| Untracked 
| 231|0x000000008e700000, 0x000000008e700000, 0x000000008e800000|  0%| F|  |TAMS 0x000000008e700000, 0x000000008e700000| Untracked 
| 232|0x000000008e800000, 0x000000008e800000, 0x000000008e900000|  0%| F|  |TAMS 0x000000008e800000, 0x000000008e800000| Untracked 
| 233|0x000000008e900000, 0x000000008e900000, 0x000000008ea00000|  0%| F|  |TAMS 0x000000008e900000, 0x000000008e900000| Untracked 
| 234|0x000000008ea00000, 0x000000008ea00000, 0x000000008eb00000|  0%| F|  |TAMS 0x000000008ea00000, 0x000000008ea00000| Untracked 
| 235|0x000000008eb00000, 0x000000008eb00000, 0x000000008ec00000|  0%| F|  |TAMS 0x000000008eb00000, 0x000000008eb00000| Untracked 
| 236|0x000000008ec00000, 0x000000008ec00000, 0x000000008ed00000|  0%| F|  |TAMS 0x000000008ec00000, 0x000000008ec00000| Untracked 
| 237|0x000000008ed00000, 0x000000008ed00000, 0x000000008ee00000|  0%| F|  |TAMS 0x000000008ed00000, 0x000000008ed00000| Untracked 
| 238|0x000000008ee00000, 0x000000008ee00000, 0x000000008ef00000|  0%| F|  |TAMS 0x000000008ee00000, 0x000000008ee00000| Untracked 
| 239|0x000000008ef00000, 0x000000008ef00000, 0x000000008f000000|  0%| F|  |TAMS 0x000000008ef00000, 0x000000008ef00000| Untracked 
| 240|0x000000008f000000, 0x000000008f000000, 0x000000008f100000|  0%| F|  |TAMS 0x000000008f000000, 0x000000008f000000| Untracked 
| 241|0x000000008f100000, 0x000000008f100000, 0x000000008f200000|  0%| F|  |TAMS 0x000000008f100000, 0x000000008f100000| Untracked 
| 242|0x000000008f200000, 0x000000008f200000, 0x000000008f300000|  0%| F|  |TAMS 0x000000008f200000, 0x000000008f200000| Untracked 
| 243|0x000000008f300000, 0x000000008f300000, 0x000000008f400000|  0%| F|  |TAMS 0x000000008f300000, 0x000000008f300000| Untracked 
| 244|0x000000008f400000, 0x000000008f400000, 0x000000008f500000|  0%| F|  |TAMS 0x000000008f400000, 0x000000008f400000| Untracked 
| 245|0x000000008f500000, 0x000000008f500000, 0x000000008f600000|  0%| F|  |TAMS 0x000000008f500000, 0x000000008f500000| Untracked 
| 246|0x000000008f600000, 0x000000008f680800, 0x000000008f700000| 50%| E|  |TAMS 0x000000008f600000, 0x000000008f600000| Complete 
| 247|0x000000008f700000, 0x000000008f800000, 0x000000008f800000|100%| E|CS|TAMS 0x000000008f700000, 0x000000008f700000| Complete 
| 248|0x000000008f800000, 0x000000008f900000, 0x000000008f900000|100%| E|CS|TAMS 0x000000008f800000, 0x000000008f800000| Complete 
| 249|0x000000008f900000, 0x000000008fa00000, 0x000000008fa00000|100%| E|CS|TAMS 0x000000008f900000, 0x000000008f900000| Complete 
| 250|0x000000008fa00000, 0x000000008fb00000, 0x000000008fb00000|100%| E|CS|TAMS 0x000000008fa00000, 0x000000008fa00000| Complete 
| 251|0x000000008fb00000, 0x000000008fc00000, 0x000000008fc00000|100%| E|CS|TAMS 0x000000008fb00000, 0x000000008fb00000| Complete 
| 252|0x000000008fc00000, 0x000000008fd00000, 0x000000008fd00000|100%| E|CS|TAMS 0x000000008fc00000, 0x000000008fc00000| Complete 
| 253|0x000000008fd00000, 0x000000008fe00000, 0x000000008fe00000|100%| E|CS|TAMS 0x000000008fd00000, 0x000000008fd00000| Complete 
| 254|0x000000008fe00000, 0x000000008ff00000, 0x000000008ff00000|100%| E|CS|TAMS 0x000000008fe00000, 0x000000008fe00000| Complete 
| 255|0x000000008ff00000, 0x0000000090000000, 0x0000000090000000|100%| E|CS|TAMS 0x000000008ff00000, 0x000000008ff00000| Complete 
| 256|0x0000000090000000, 0x0000000090100000, 0x0000000090100000|100%| E|CS|TAMS 0x0000000090000000, 0x0000000090000000| Complete 
| 257|0x0000000090100000, 0x0000000090200000, 0x0000000090200000|100%| E|CS|TAMS 0x0000000090100000, 0x0000000090100000| Complete 
| 258|0x0000000090200000, 0x0000000090300000, 0x0000000090300000|100%| E|CS|TAMS 0x0000000090200000, 0x0000000090200000| Complete 
| 259|0x0000000090300000, 0x0000000090400000, 0x0000000090400000|100%| E|CS|TAMS 0x0000000090300000, 0x0000000090300000| Complete 
| 260|0x0000000090400000, 0x0000000090500000, 0x0000000090500000|100%| E|CS|TAMS 0x0000000090400000, 0x0000000090400000| Complete 
| 261|0x0000000090500000, 0x0000000090600000, 0x0000000090600000|100%| E|CS|TAMS 0x0000000090500000, 0x0000000090500000| Complete 
| 262|0x0000000090600000, 0x0000000090700000, 0x0000000090700000|100%| E|CS|TAMS 0x0000000090600000, 0x0000000090600000| Complete 
| 263|0x0000000090700000, 0x0000000090800000, 0x0000000090800000|100%| E|  |TAMS 0x0000000090700000, 0x0000000090700000| Complete 
| 264|0x0000000090800000, 0x0000000090900000, 0x0000000090900000|100%| E|CS|TAMS 0x0000000090800000, 0x0000000090800000| Complete 
| 265|0x0000000090900000, 0x0000000090a00000, 0x0000000090a00000|100%| E|CS|TAMS 0x0000000090900000, 0x0000000090900000| Complete 
| 266|0x0000000090a00000, 0x0000000090b00000, 0x0000000090b00000|100%| E|CS|TAMS 0x0000000090a00000, 0x0000000090a00000| Complete 
| 267|0x0000000090b00000, 0x0000000090c00000, 0x0000000090c00000|100%| E|CS|TAMS 0x0000000090b00000, 0x0000000090b00000| Complete 
| 268|0x0000000090c00000, 0x0000000090d00000, 0x0000000090d00000|100%| E|CS|TAMS 0x0000000090c00000, 0x0000000090c00000| Complete 
| 269|0x0000000090d00000, 0x0000000090e00000, 0x0000000090e00000|100%| E|CS|TAMS 0x0000000090d00000, 0x0000000090d00000| Complete 
| 270|0x0000000090e00000, 0x0000000090f00000, 0x0000000090f00000|100%| E|CS|TAMS 0x0000000090e00000, 0x0000000090e00000| Complete 
| 271|0x0000000090f00000, 0x0000000091000000, 0x0000000091000000|100%| E|CS|TAMS 0x0000000090f00000, 0x0000000090f00000| Complete 
| 272|0x0000000091000000, 0x0000000091100000, 0x0000000091100000|100%| E|CS|TAMS 0x0000000091000000, 0x0000000091000000| Complete 
| 273|0x0000000091100000, 0x0000000091200000, 0x0000000091200000|100%| E|CS|TAMS 0x0000000091100000, 0x0000000091100000| Complete 
| 274|0x0000000091200000, 0x0000000091300000, 0x0000000091300000|100%| E|CS|TAMS 0x0000000091200000, 0x0000000091200000| Complete 
| 275|0x0000000091300000, 0x0000000091400000, 0x0000000091400000|100%| E|CS|TAMS 0x0000000091300000, 0x0000000091300000| Complete 
| 276|0x0000000091400000, 0x0000000091500000, 0x0000000091500000|100%| E|CS|TAMS 0x0000000091400000, 0x0000000091400000| Complete 
| 277|0x0000000091500000, 0x0000000091600000, 0x0000000091600000|100%| E|CS|TAMS 0x0000000091500000, 0x0000000091500000| Complete 
| 278|0x0000000091600000, 0x0000000091700000, 0x0000000091700000|100%| E|CS|TAMS 0x0000000091600000, 0x0000000091600000| Complete 
| 279|0x0000000091700000, 0x0000000091800000, 0x0000000091800000|100%| E|CS|TAMS 0x0000000091700000, 0x0000000091700000| Complete 
| 280|0x0000000091800000, 0x0000000091900000, 0x0000000091900000|100%| E|CS|TAMS 0x0000000091800000, 0x0000000091800000| Complete 
| 281|0x0000000091900000, 0x0000000091a00000, 0x0000000091a00000|100%| E|CS|TAMS 0x0000000091900000, 0x0000000091900000| Complete 
| 464|0x000000009d000000, 0x000000009d100000, 0x000000009d100000|100%| E|CS|TAMS 0x000000009d000000, 0x000000009d000000| Complete 
| 465|0x000000009d100000, 0x000000009d200000, 0x000000009d200000|100%| E|CS|TAMS 0x000000009d100000, 0x000000009d100000| Complete 
| 466|0x000000009d200000, 0x000000009d300000, 0x000000009d300000|100%| E|CS|TAMS 0x000000009d200000, 0x000000009d200000| Complete 
| 467|0x000000009d300000, 0x000000009d400000, 0x000000009d400000|100%| E|CS|TAMS 0x000000009d300000, 0x000000009d300000| Complete 
| 468|0x000000009d400000, 0x000000009d500000, 0x000000009d500000|100%| E|CS|TAMS 0x000000009d400000, 0x000000009d400000| Complete 
| 469|0x000000009d500000, 0x000000009d600000, 0x000000009d600000|100%| E|CS|TAMS 0x000000009d500000, 0x000000009d500000| Complete 
| 470|0x000000009d600000, 0x000000009d700000, 0x000000009d700000|100%| E|CS|TAMS 0x000000009d600000, 0x000000009d600000| Complete 
| 471|0x000000009d700000, 0x000000009d7e13f0, 0x000000009d800000| 87%| S|CS|TAMS 0x000000009d700000, 0x000000009d700000| Complete 
| 472|0x000000009d800000, 0x000000009d900000, 0x000000009d900000|100%| S|CS|TAMS 0x000000009d800000, 0x000000009d800000| Complete 
| 511|0x000000009ff00000, 0x00000000a0000000, 0x00000000a0000000|100%| E|CS|TAMS 0x000000009ff00000, 0x000000009ff00000| Complete 

Card table byte_map: [0x000001fc3f5e0000,0x000001fc3f9e0000] _byte_map_base: 0x000001fc3f1e0000

Marking Bits (Prev, Next): (CMBitMap*) 0x000001fc2ca38990, (CMBitMap*) 0x000001fc2ca38950
 Prev Bits: [0x000001fc41de0000, 0x000001fc43de0000)
 Next Bits: [0x000001fc3fde0000, 0x000001fc41de0000)

Polling page: 0x000001fc2a8e0000

Metaspace:

Usage:
  Non-class:    107.03 MB used.
      Class:     17.02 MB used.
       Both:    124.05 MB used.

Virtual space:
  Non-class space:      112.00 MB reserved,     107.69 MB ( 96%) committed,  14 nodes.
      Class space:        1.00 GB reserved,      17.56 MB (  2%) committed,  1 nodes.
             Both:        1.11 GB reserved,     125.25 MB ( 11%) committed. 

Chunk freelists:
   Non-Class:  3.44 MB
       Class:  2.35 MB
        Both:  5.80 MB

MaxMetaspaceSize: unlimited
CompressedClassSpaceSize: 1.00 GB
Initial GC threshold: 21.00 MB
Current GC threshold: 207.00 MB
CDS: off
MetaspaceReclaimPolicy: balanced
 - commit_granule_bytes: 65536.
 - commit_granule_words: 8192.
 - virtual_space_node_default_size: 1048576.
 - enlarge_chunks_in_place: 1.
 - new_chunks_are_fully_committed: 0.
 - uncommit_free_chunks: 1.
 - use_allocation_guard: 0.
 - handle_deallocations: 1.


Internal statistics:

num_allocs_failed_limit: 12.
num_arena_births: 2134.
num_arena_deaths: 52.
num_vsnodes_births: 15.
num_vsnodes_deaths: 0.
num_space_committed: 2004.
num_space_uncommitted: 0.
num_chunks_returned_to_freelist: 87.
num_chunks_taken_from_freelist: 7196.
num_chunk_merges: 32.
num_chunk_splits: 4525.
num_chunks_enlarged: 2739.
num_purges: 4.
num_inconsistent_stats: 0.

CodeHeap 'non-profiled nmethods': size=120000Kb used=12139Kb max_used=12139Kb free=107860Kb
 bounds [0x000001fc37980000, 0x000001fc38560000, 0x000001fc3eeb0000]
CodeHeap 'profiled nmethods': size=120000Kb used=32377Kb max_used=32377Kb free=87623Kb
 bounds [0x000001fc2feb0000, 0x000001fc31e50000, 0x000001fc373e0000]
CodeHeap 'non-nmethods': size=5760Kb used=2446Kb max_used=2538Kb free=3313Kb
 bounds [0x000001fc373e0000, 0x000001fc37670000, 0x000001fc37980000]
 total_blobs=18261 nmethods=17276 adapters=897
 compilation: enabled
              stopped_count=0, restarted_count=0
 full_count=0

Compilation events (20 events):
Event: 450.420 Thread 0x000001fc46977620 20706       4       org.gradle.api.internal.artifacts.ivyservice.resolutionstrategy.DefaultCachePolicy$AbstractResolutionControl::<init> (10 bytes)
Event: 450.421 Thread 0x000001fc51063630 nmethod 20685 0x000001fc38556d10 code [0x000001fc38556ea0, 0x000001fc38557158]
Event: 450.421 Thread 0x000001fc51063630 20702       4       org.gradle.api.internal.artifacts.ivyservice.ivyresolve.CachingModuleComponentRepository$LocateInCacheRepositoryAccess::getProcessedMetadata (41 bytes)
Event: 450.422 Thread 0x000001fc46977620 nmethod 20706 0x000001fc38557310 code [0x000001fc38557480, 0x000001fc385576f8]
Event: 450.422 Thread 0x000001fc46977620 20697       4       com.google.common.collect.ImmutableCollection::toArray (67 bytes)
Event: 450.426 Thread 0x000001fc46977620 nmethod 20697 0x000001fc38557810 code [0x000001fc385579a0, 0x000001fc38557ef8]
Event: 450.426 Thread 0x000001fc46977620 20707       4       org.gradle.api.internal.artifacts.ivyservice.resolveengine.graph.builder.ModuleResolveState::addUnattachedDependency (16 bytes)
Event: 450.430 Thread 0x000001fc46977620 nmethod 20707 0x000001fc38558290 code [0x000001fc38558420, 0x000001fc385587d8]
Event: 450.430 Thread 0x000001fc46977620 20708       4       org.gradle.api.internal.artifacts.ivyservice.resolutionstrategy.DefaultCachePolicy::moduleExpiry (9 bytes)
Event: 450.431 Thread 0x000001fc46977620 nmethod 20708 0x000001fc38558990 code [0x000001fc38558b20, 0x000001fc38558bc8]
Event: 450.431 Thread 0x000001fc46977620 20709       4       org.gradle.api.internal.attributes.DefaultMutableAttributeContainer::attribute (13 bytes)
Event: 450.439 Thread 0x000001fc46977620 nmethod 20709 0x000001fc38558c90 code [0x000001fc38558e60, 0x000001fc38559508]
Event: 450.439 Thread 0x000001fc46977620 20711       4       org.gradle.api.internal.artifacts.ivyservice.modulecache.ModuleComponentAtRepositoryKey::<init> (31 bytes)
Event: 450.447 Thread 0x000001fc46977620 nmethod 20711 0x000001fc38559a90 code [0x000001fc38559c20, 0x000001fc3855a088]
Event: 450.447 Thread 0x000001fc46977620 20712       4       org.gradle.internal.component.external.model.DefaultModuleComponentArtifactMetadata::<init> (15 bytes)
Event: 450.450 Thread 0x000001fc46977620 nmethod 20712 0x000001fc3855a290 code [0x000001fc3855a420, 0x000001fc3855a778]
Event: 450.450 Thread 0x000001fc46977620 20713       4       org.gradle.internal.component.external.model.ImmutableCapabilities::of (36 bytes)
Event: 450.454 Thread 0x000001fc46977620 nmethod 20713 0x000001fc3855a910 code [0x000001fc3855aaa0, 0x000001fc3855add8]
Event: 450.454 Thread 0x000001fc46977620 20710       4       org.gradle.api.internal.attributes.DefaultMutableAttributeContainer::doInsertion (39 bytes)
Event: 450.461 Thread 0x000001fc4697a2e0 20717 %     3       org.gradle.internal.component.external.model.DefaultConfigurationMetadata::withConstraints @ 22 (110 bytes)

GC Heap History (20 events):
Event: 16.303 GC heap before
{Heap before GC invocations=30 (full 0):
 garbage-first heap   total 299008K, used 138811K [0x0000000080000000, 0x0000000100000000)
  region size 1024K, 6 young (6144K), 2 survivors (2048K)
 Metaspace       used 122333K, committed 123136K, reserved 1155072K
  class space    used 16979K, committed 17344K, reserved 1048576K
}
Event: 16.305 GC heap after
{Heap after GC invocations=31 (full 0):
 garbage-first heap   total 299008K, used 122993K [0x0000000080000000, 0x0000000100000000)
  region size 1024K, 1 young (1024K), 1 survivors (1024K)
 Metaspace       used 122333K, committed 123136K, reserved 1155072K
  class space    used 16979K, committed 17344K, reserved 1048576K
}
Event: 35.013 GC heap before
{Heap before GC invocations=31 (full 0):
 garbage-first heap   total 299008K, used 241777K [0x0000000080000000, 0x0000000100000000)
  region size 1024K, 113 young (115712K), 1 survivors (1024K)
 Metaspace       used 123913K, committed 124736K, reserved 1163264K
  class space    used 17109K, committed 17472K, reserved 1048576K
}
Event: 35.022 GC heap after
{Heap after GC invocations=32 (full 0):
 garbage-first heap   total 299008K, used 119499K [0x0000000080000000, 0x0000000100000000)
  region size 1024K, 14 young (14336K), 14 survivors (14336K)
 Metaspace       used 123913K, committed 124736K, reserved 1163264K
  class space    used 17109K, committed 17472K, reserved 1048576K
}
Event: 35.347 GC heap before
{Heap before GC invocations=32 (full 0):
 garbage-first heap   total 299008K, used 169675K [0x0000000080000000, 0x0000000100000000)
  region size 1024K, 38 young (38912K), 14 survivors (14336K)
 Metaspace       used 124047K, committed 124864K, reserved 1163264K
  class space    used 17118K, committed 17472K, reserved 1048576K
}
Event: 35.355 GC heap after
{Heap after GC invocations=33 (full 0):
 garbage-first heap   total 299008K, used 135396K [0x0000000080000000, 0x0000000100000000)
  region size 1024K, 2 young (2048K), 2 survivors (2048K)
 Metaspace       used 124047K, committed 124864K, reserved 1163264K
  class space    used 17118K, committed 17472K, reserved 1048576K
}
Event: 35.356 GC heap before
{Heap before GC invocations=33 (full 0):
 garbage-first heap   total 299008K, used 139492K [0x0000000080000000, 0x0000000100000000)
  region size 1024K, 3 young (3072K), 2 survivors (2048K)
 Metaspace       used 124047K, committed 124864K, reserved 1163264K
  class space    used 17118K, committed 17472K, reserved 1048576K
}
Event: 35.357 GC heap after
{Heap after GC invocations=34 (full 0):
 garbage-first heap   total 299008K, used 138468K [0x0000000080000000, 0x0000000100000000)
  region size 1024K, 1 young (1024K), 1 survivors (1024K)
 Metaspace       used 124047K, committed 124864K, reserved 1163264K
  class space    used 17118K, committed 17472K, reserved 1048576K
}
Event: 381.651 GC heap before
{Heap before GC invocations=35 (full 0):
 garbage-first heap   total 299008K, used 250084K [0x0000000080000000, 0x0000000100000000)
  region size 1024K, 107 young (109568K), 1 survivors (1024K)
 Metaspace       used 124690K, committed 125568K, reserved 1163264K
  class space    used 17155K, committed 17536K, reserved 1048576K
}
Event: 381.657 GC heap after
{Heap after GC invocations=36 (full 0):
 garbage-first heap   total 299008K, used 119505K [0x0000000080000000, 0x0000000100000000)
  region size 1024K, 3 young (3072K), 3 survivors (3072K)
 Metaspace       used 124690K, committed 125568K, reserved 1163264K
  class space    used 17155K, committed 17536K, reserved 1048576K
}
Event: 381.793 GC heap before
{Heap before GC invocations=36 (full 0):
 garbage-first heap   total 299008K, used 130769K [0x0000000080000000, 0x0000000100000000)
  region size 1024K, 14 young (14336K), 3 survivors (3072K)
 Metaspace       used 124810K, committed 125696K, reserved 1163264K
  class space    used 17165K, committed 17600K, reserved 1048576K
}
Event: 381.799 GC heap after
{Heap after GC invocations=37 (full 0):
 garbage-first heap   total 299008K, used 118914K [0x0000000080000000, 0x0000000100000000)
  region size 1024K, 2 young (2048K), 2 survivors (2048K)
 Metaspace       used 124810K, committed 125696K, reserved 1163264K
  class space    used 17165K, committed 17600K, reserved 1048576K
}
Event: 403.592 GC heap before
{Heap before GC invocations=37 (full 0):
 garbage-first heap   total 299008K, used 245890K [0x0000000080000000, 0x0000000100000000)
  region size 1024K, 127 young (130048K), 2 survivors (2048K)
 Metaspace       used 125707K, committed 126720K, reserved 1163264K
  class space    used 17268K, committed 17728K, reserved 1048576K
}
Event: 403.600 GC heap after
{Heap after GC invocations=38 (full 0):
 garbage-first heap   total 299008K, used 123386K [0x0000000080000000, 0x0000000100000000)
  region size 1024K, 7 young (7168K), 7 survivors (7168K)
 Metaspace       used 125707K, committed 126720K, reserved 1163264K
  class space    used 17268K, committed 17728K, reserved 1048576K
}
Event: 424.191 GC heap before
{Heap before GC invocations=38 (full 0):
 garbage-first heap   total 299008K, used 246266K [0x0000000080000000, 0x0000000100000000)
  region size 1024K, 128 young (131072K), 7 survivors (7168K)
 Metaspace       used 126137K, committed 127168K, reserved 1163264K
  class space    used 17288K, committed 17728K, reserved 1048576K
}
Event: 424.201 GC heap after
{Heap after GC invocations=39 (full 0):
 garbage-first heap   total 299008K, used 130178K [0x0000000080000000, 0x0000000100000000)
  region size 1024K, 13 young (13312K), 13 survivors (13312K)
 Metaspace       used 126137K, committed 127168K, reserved 1163264K
  class space    used 17288K, committed 17728K, reserved 1048576K
}
Event: 438.110 GC heap before
{Heap before GC invocations=40 (full 0):
 garbage-first heap   total 299008K, used 241794K [0x0000000080000000, 0x0000000100000000)
  region size 1024K, 127 young (130048K), 13 survivors (13312K)
 Metaspace       used 126944K, committed 128192K, reserved 1163264K
  class space    used 17424K, committed 17984K, reserved 1048576K
}
Event: 438.122 GC heap after
{Heap after GC invocations=41 (full 0):
 garbage-first heap   total 299008K, used 131358K [0x0000000080000000, 0x0000000100000000)
  region size 1024K, 13 young (13312K), 13 survivors (13312K)
 Metaspace       used 126944K, committed 128192K, reserved 1163264K
  class space    used 17424K, committed 17984K, reserved 1048576K
}
Event: 438.125 GC heap before
{Heap before GC invocations=41 (full 0):
 garbage-first heap   total 299008K, used 131358K [0x0000000080000000, 0x0000000100000000)
  region size 1024K, 14 young (14336K), 13 survivors (13312K)
 Metaspace       used 126946K, committed 128192K, reserved 1163264K
  class space    used 17424K, committed 17984K, reserved 1048576K
}
Event: 438.134 GC heap after
{Heap after GC invocations=42 (full 0):
 garbage-first heap   total 299008K, used 125227K [0x0000000080000000, 0x0000000100000000)
  region size 1024K, 2 young (2048K), 2 survivors (2048K)
 Metaspace       used 126946K, committed 128192K, reserved 1163264K
  class space    used 17424K, committed 17984K, reserved 1048576K
}

Dll operation events (2 events):
Event: 0.009 Loaded shared library C:\Program Files\Android\Android Studio\jbr\bin\java.dll
Event: 0.336 Loaded shared library C:\Program Files\Android\Android Studio\jbr\bin\verify.dll

Deoptimization events (20 events):
Event: 438.277 Thread 0x000001fc4d3fa0f0 Uncommon trap: trap_request=0xffffffc6 fr.pc=0x000001fc37bc1494 relative=0x00000000000002d4
Event: 438.277 Thread 0x000001fc4d3fa0f0 Uncommon trap: reason=bimorphic_or_optimized_type_check action=maybe_recompile pc=0x000001fc37bc1494 method=org.gradle.internal.snapshot.ChildMapFactory.childMapFromSorted(Ljava/util/List;)Lorg/gradle/internal/snapshot/ChildMap; @ 1 c2
Event: 438.277 Thread 0x000001fc4d3fa0f0 DEOPT PACKING pc=0x000001fc37bc1494 sp=0x0000000da54fe660
Event: 438.277 Thread 0x000001fc4d3fa0f0 DEOPT UNPACKING pc=0x000001fc374369a3 sp=0x0000000da54fe628 mode 2
Event: 438.278 Thread 0x000001fc4d3fa0f0 Uncommon trap: trap_request=0xffffff76 fr.pc=0x000001fc3852edac relative=0x000000000000020c
Event: 438.278 Thread 0x000001fc4d3fa0f0 Uncommon trap: reason=predicate action=maybe_recompile pc=0x000001fc3852edac method=java.util.HashMap.keysToArray([Ljava/lang/Object;)[Ljava/lang/Object; @ 48 c2
Event: 438.278 Thread 0x000001fc4d3fa0f0 DEOPT PACKING pc=0x000001fc3852edac sp=0x0000000da54fbbc0
Event: 438.278 Thread 0x000001fc4d3fa0f0 DEOPT UNPACKING pc=0x000001fc374369a3 sp=0x0000000da54fbb58 mode 2
Event: 438.290 Thread 0x000001fc4d8661e0 Uncommon trap: trap_request=0xffffff76 fr.pc=0x000001fc381f9870 relative=0x0000000000000430
Event: 438.290 Thread 0x000001fc4d8661e0 Uncommon trap: reason=predicate action=maybe_recompile pc=0x000001fc381f9870 method=com.google.common.collect.ImmutableList.copyIntoArray([Ljava/lang/Object;I)I @ 11 c2
Event: 438.290 Thread 0x000001fc4d8661e0 DEOPT PACKING pc=0x000001fc381f9870 sp=0x0000000d9d6fba10
Event: 438.290 Thread 0x000001fc4d8661e0 DEOPT UNPACKING pc=0x000001fc374369a3 sp=0x0000000d9d6fb9c0 mode 2
Event: 450.384 Thread 0x000001fc4d8661e0 Uncommon trap: trap_request=0xffffffbe fr.pc=0x000001fc38509cb4 relative=0x0000000000000314
Event: 450.384 Thread 0x000001fc4d8661e0 Uncommon trap: reason=profile_predicate action=maybe_recompile pc=0x000001fc38509cb4 method=java.util.HashMap.keysToArray([Ljava/lang/Object;)[Ljava/lang/Object; @ 32 c2
Event: 450.384 Thread 0x000001fc4d8661e0 DEOPT PACKING pc=0x000001fc38509cb4 sp=0x0000000d9d6fabe0
Event: 450.384 Thread 0x000001fc4d8661e0 DEOPT UNPACKING pc=0x000001fc374369a3 sp=0x0000000d9d6fab90 mode 2
Event: 450.426 Thread 0x000001fc4d8661e0 Uncommon trap: trap_request=0xffffffdc fr.pc=0x000001fc38557d00 relative=0x0000000000000360
Event: 450.426 Thread 0x000001fc4d8661e0 Uncommon trap: reason=class_check action=make_not_entrant pc=0x000001fc38557d00 method=com.google.common.collect.Platform.copy([Ljava/lang/Object;II[Ljava/lang/Object;)[Ljava/lang/Object; @ 7 c2
Event: 450.426 Thread 0x000001fc4d8661e0 DEOPT PACKING pc=0x000001fc38557d00 sp=0x0000000d9d6f8cb0
Event: 450.426 Thread 0x000001fc4d8661e0 DEOPT UNPACKING pc=0x000001fc374369a3 sp=0x0000000d9d6f8bd0 mode 2

Classes unloaded (20 events):
Event: 14.192 Thread 0x000001fc4684cf60 Unloading class 0x0000000100ba0800 'java/lang/invoke/LambdaForm$DMH+0x0000000100ba0800'
Event: 35.486 Thread 0x000001fc4684cf60 Unloading class 0x0000000101084000 'java/lang/invoke/LambdaForm$DMH+0x0000000101084000'
Event: 35.487 Thread 0x000001fc4684cf60 Unloading class 0x0000000101084400 'java/lang/invoke/LambdaForm$DMH+0x0000000101084400'
Event: 35.487 Thread 0x000001fc4684cf60 Unloading class 0x0000000100ffb000 'java/lang/invoke/LambdaForm$DMH+0x0000000100ffb000'
Event: 35.487 Thread 0x000001fc4684cf60 Unloading class 0x0000000100ffa800 'java/lang/invoke/LambdaForm$DMH+0x0000000100ffa800'
Event: 35.487 Thread 0x000001fc4684cf60 Unloading class 0x0000000100ffa000 'java/lang/invoke/LambdaForm$MH+0x0000000100ffa000'
Event: 35.487 Thread 0x000001fc4684cf60 Unloading class 0x0000000100ff9800 'java/lang/invoke/LambdaForm$DMH+0x0000000100ff9800'
Event: 35.487 Thread 0x000001fc4684cf60 Unloading class 0x0000000100ff9000 'java/lang/invoke/LambdaForm$DMH+0x0000000100ff9000'
Event: 35.487 Thread 0x000001fc4684cf60 Unloading class 0x0000000100fc4800 'java/lang/invoke/LambdaForm$DMH+0x0000000100fc4800'
Event: 35.487 Thread 0x000001fc4684cf60 Unloading class 0x0000000100fc4c00 'java/lang/invoke/LambdaForm$DMH+0x0000000100fc4c00'
Event: 35.487 Thread 0x000001fc4684cf60 Unloading class 0x0000000100fa8400 'java/lang/invoke/LambdaForm$DMH+0x0000000100fa8400'
Event: 35.487 Thread 0x000001fc4684cf60 Unloading class 0x0000000100f19400 'java/lang/invoke/LambdaForm$DMH+0x0000000100f19400'
Event: 35.487 Thread 0x000001fc4684cf60 Unloading class 0x0000000100f18c00 'java/lang/invoke/LambdaForm$DMH+0x0000000100f18c00'
Event: 35.487 Thread 0x000001fc4684cf60 Unloading class 0x0000000100f18400 'java/lang/invoke/LambdaForm$DMH+0x0000000100f18400'
Event: 35.487 Thread 0x000001fc4684cf60 Unloading class 0x0000000100f18800 'java/lang/invoke/LambdaForm$DMH+0x0000000100f18800'
Event: 35.487 Thread 0x000001fc4684cf60 Unloading class 0x0000000100ef0800 'java/lang/invoke/LambdaForm$DMH+0x0000000100ef0800'
Event: 35.487 Thread 0x000001fc4684cf60 Unloading class 0x0000000100ef0400 'java/lang/invoke/LambdaForm$DMH+0x0000000100ef0400'
Event: 35.487 Thread 0x000001fc4684cf60 Unloading class 0x0000000100e3b000 'jdk/internal/reflect/GeneratedSerializationConstructorAccessor90'
Event: 35.487 Thread 0x000001fc4684cf60 Unloading class 0x0000000100e3ac00 'jdk/internal/reflect/GeneratedSerializationConstructorAccessor89'
Event: 35.487 Thread 0x000001fc4684cf60 Unloading class 0x0000000100e3a800 'jdk/internal/reflect/GeneratedSerializationConstructorAccessor87'

Classes redefined (0 events):
No events

Internal exceptions (20 events):
Event: 436.354 Thread 0x000001fc4d3f75a0 Exception <a 'sun/nio/fs/WindowsException'{0x000000008c4c1c00}> (0x000000008c4c1c00) 
thrown [s\src\hotspot\share\prims\jni.cpp, line 517]
Event: 436.354 Thread 0x000001fc4d3f75a0 Exception <a 'sun/nio/fs/WindowsException'{0x000000008c4c3a68}> (0x000000008c4c3a68) 
thrown [s\src\hotspot\share\prims\jni.cpp, line 517]
Event: 436.355 Thread 0x000001fc4d3f75a0 Exception <a 'sun/nio/fs/WindowsException'{0x000000008c4c4ba0}> (0x000000008c4c4ba0) 
thrown [s\src\hotspot\share\prims\jni.cpp, line 517]
Event: 436.355 Thread 0x000001fc4d3f75a0 Exception <a 'sun/nio/fs/WindowsException'{0x000000008c4c4c10}> (0x000000008c4c4c10) 
thrown [s\src\hotspot\share\prims\jni.cpp, line 517]
Event: 436.355 Thread 0x000001fc4d3f75a0 Exception <a 'sun/nio/fs/WindowsException'{0x000000008c4c4fe0}> (0x000000008c4c4fe0) 
thrown [s\src\hotspot\share\prims\jni.cpp, line 517]
Event: 436.355 Thread 0x000001fc4d3f75a0 Exception <a 'sun/nio/fs/WindowsException'{0x000000008c4c6e10}> (0x000000008c4c6e10) 
thrown [s\src\hotspot\share\prims\jni.cpp, line 517]
Event: 436.355 Thread 0x000001fc4d3f75a0 Exception <a 'sun/nio/fs/WindowsException'{0x000000008c4c7cc0}> (0x000000008c4c7cc0) 
thrown [s\src\hotspot\share\prims\jni.cpp, line 517]
Event: 436.355 Thread 0x000001fc4d3f75a0 Exception <a 'sun/nio/fs/WindowsException'{0x000000008c4c7d30}> (0x000000008c4c7d30) 
thrown [s\src\hotspot\share\prims\jni.cpp, line 517]
Event: 436.355 Thread 0x000001fc4d3f75a0 Exception <a 'sun/nio/fs/WindowsException'{0x000000008c4c8140}> (0x000000008c4c8140) 
thrown [s\src\hotspot\share\prims\jni.cpp, line 517]
Event: 436.355 Thread 0x000001fc4d3f75a0 Exception <a 'sun/nio/fs/WindowsException'{0x000000008c4c9f10}> (0x000000008c4c9f10) 
thrown [s\src\hotspot\share\prims\jni.cpp, line 517]
Event: 436.355 Thread 0x000001fc4d3f75a0 Exception <a 'sun/nio/fs/WindowsException'{0x000000008c4cad90}> (0x000000008c4cad90) 
thrown [s\src\hotspot\share\prims\jni.cpp, line 517]
Event: 436.355 Thread 0x000001fc4d3f75a0 Exception <a 'sun/nio/fs/WindowsException'{0x000000008c4cae00}> (0x000000008c4cae00) 
thrown [s\src\hotspot\share\prims\jni.cpp, line 517]
Event: 436.355 Thread 0x000001fc4d3f75a0 Exception <a 'sun/nio/fs/WindowsException'{0x000000008c4cb180}> (0x000000008c4cb180) 
thrown [s\src\hotspot\share\prims\jni.cpp, line 517]
Event: 436.356 Thread 0x000001fc4d3f75a0 Exception <a 'sun/nio/fs/WindowsException'{0x000000008c4cd1b0}> (0x000000008c4cd1b0) 
thrown [s\src\hotspot\share\prims\jni.cpp, line 517]
Event: 438.156 Thread 0x000001fc4aa68600 Exception <a 'sun/nio/fs/WindowsException'{0x000000009d1e4e88}> (0x000000009d1e4e88) 
thrown [s\src\hotspot\share\prims\jni.cpp, line 517]
Event: 438.156 Thread 0x000001fc4aa68600 Exception <a 'sun/nio/fs/WindowsException'{0x000000009d1e4f28}> (0x000000009d1e4f28) 
thrown [s\src\hotspot\share\prims\jni.cpp, line 517]
Event: 438.156 Thread 0x000001fc4aa68600 Exception <a 'sun/nio/fs/WindowsException'{0x000000009d1e5348}> (0x000000009d1e5348) 
thrown [s\src\hotspot\share\prims\jni.cpp, line 517]
Event: 438.288 Thread 0x000001fc4d8661e0 Exception <a 'sun/nio/fs/WindowsException'{0x0000000090640590}> (0x0000000090640590) 
thrown [s\src\hotspot\share\prims\jni.cpp, line 517]
Event: 438.288 Thread 0x000001fc4d8661e0 Exception <a 'sun/nio/fs/WindowsException'{0x0000000090640950}> (0x0000000090640950) 
thrown [s\src\hotspot\share\prims\jni.cpp, line 517]
Event: 438.288 Thread 0x000001fc4d8661e0 Exception <a 'sun/nio/fs/WindowsException'{0x0000000090642800}> (0x0000000090642800) 
thrown [s\src\hotspot\share\prims\jni.cpp, line 517]

VM Operations (20 events):
Event: 426.418 Executing VM operation: Cleanup
Event: 426.418 Executing VM operation: Cleanup done
Event: 430.443 Executing VM operation: Cleanup
Event: 430.443 Executing VM operation: Cleanup done
Event: 432.458 Executing VM operation: Cleanup
Event: 432.458 Executing VM operation: Cleanup done
Event: 433.473 Executing VM operation: Cleanup
Event: 433.473 Executing VM operation: Cleanup done
Event: 436.017 Executing VM operation: ICBufferFull
Event: 436.017 Executing VM operation: ICBufferFull done
Event: 436.441 Executing VM operation: HandshakeAllThreads
Event: 436.442 Executing VM operation: HandshakeAllThreads done
Event: 437.456 Executing VM operation: Cleanup
Event: 437.456 Executing VM operation: Cleanup done
Event: 438.110 Executing VM operation: G1CollectForAllocation
Event: 438.122 Executing VM operation: G1CollectForAllocation done
Event: 438.125 Executing VM operation: G1CollectForAllocation
Event: 438.134 Executing VM operation: G1CollectForAllocation done
Event: 439.139 Executing VM operation: Cleanup
Event: 439.139 Executing VM operation: Cleanup done

Events (20 events):
Event: 438.332 Thread 0x000001fc4d3f9750 Thread exited: 0x000001fc4d3f9750
Event: 438.332 Thread 0x000001fc4d3f58c0 Thread exited: 0x000001fc4d3f58c0
Event: 438.332 Thread 0x000001fc4d3fb430 Thread exited: 0x000001fc4d3fb430
Event: 438.336 Thread 0x000001fc4d866b80 Thread exited: 0x000001fc4d866b80
Event: 438.337 Thread 0x000001fc4d8679f0 Thread exited: 0x000001fc4d8679f0
Event: 441.425 Thread 0x000001fc507455b0 Thread exited: 0x000001fc507455b0
Event: 441.425 Thread 0x000001fc50e884a0 Thread exited: 0x000001fc50e884a0
Event: 443.147 Thread 0x000001fc4d22efb0 Thread exited: 0x000001fc4d22efb0
Event: 450.281 Thread 0x000001fc50c0f4b0 Thread added: 0x000001fc50c0f4b0
Event: 450.284 Thread 0x000001fc5254d640 Thread added: 0x000001fc5254d640
Event: 450.289 Thread 0x000001fc4b4a0470 Thread added: 0x000001fc4b4a0470
Event: 450.290 Thread 0x000001fc4b4a1c80 Thread added: 0x000001fc4b4a1c80
Event: 450.290 Thread 0x000001fc50ba0a20 Thread added: 0x000001fc50ba0a20
Event: 450.371 Thread 0x000001fc4d3f75a0 Thread added: 0x000001fc4d3f75a0
Event: 450.373 Thread 0x000001fc4d3f6c00 Thread added: 0x000001fc4d3f6c00
Event: 450.374 Thread 0x000001fc4d3f7a70 Thread added: 0x000001fc4d3f7a70
Event: 450.376 Thread 0x000001fc4d3f8410 Thread added: 0x000001fc4d3f8410
Event: 450.386 Thread 0x000001fc4d3f9750 Thread added: 0x000001fc4d3f9750
Event: 450.402 Thread 0x000001fc4d3f6260 Thread added: 0x000001fc4d3f6260
Event: 450.418 Thread 0x000001fc51063630 Thread added: 0x000001fc51063630


Dynamic libraries:
0x00007ff656270000 - 0x00007ff65627a000 	C:\Program Files\Android\Android Studio\jbr\bin\java.exe
0x00007ffb83670000 - 0x00007ffb83865000 	C:\windows\SYSTEM32\ntdll.dll
0x00007ffb81830000 - 0x00007ffb818ed000 	C:\windows\System32\KERNEL32.DLL
0x00007ffb80e90000 - 0x00007ffb8115d000 	C:\windows\System32\KERNELBASE.dll
0x00007ffb81190000 - 0x00007ffb81290000 	C:\windows\System32\ucrtbase.dll
0x00007ffb707f0000 - 0x00007ffb7080b000 	C:\Program Files\Android\Android Studio\jbr\bin\VCRUNTIME140.dll
0x00007ffb6db60000 - 0x00007ffb6db77000 	C:\Program Files\Android\Android Studio\jbr\bin\jli.dll
0x00007ffb82da0000 - 0x00007ffb82f40000 	C:\windows\System32\USER32.dll
0x00007ffb714f0000 - 0x00007ffb7178a000 	C:\windows\WinSxS\amd64_microsoft.windows.common-controls_6595b64144ccf1df_6.0.19041.1110_none_60b5254171f9507e\COMCTL32.dll
0x00007ffb81160000 - 0x00007ffb81182000 	C:\windows\System32\win32u.dll
0x00007ffb81790000 - 0x00007ffb8182e000 	C:\windows\System32\msvcrt.dll
0x00007ffb81ba0000 - 0x00007ffb81bca000 	C:\windows\System32\GDI32.dll
0x00007ffb81290000 - 0x00007ffb8139b000 	C:\windows\System32\gdi32full.dll
0x00007ffb80df0000 - 0x00007ffb80e8d000 	C:\windows\System32\msvcp_win.dll
0x00007ffb81760000 - 0x00007ffb81790000 	C:\windows\System32\IMM32.DLL
0x00007ffb78d60000 - 0x00007ffb78d6c000 	C:\Program Files\Android\Android Studio\jbr\bin\vcruntime140_1.dll
0x00007ffb646a0000 - 0x00007ffb6472d000 	C:\Program Files\Android\Android Studio\jbr\bin\msvcp140.dll
0x00007ffb4f660000 - 0x00007ffb502cd000 	C:\Program Files\Android\Android Studio\jbr\bin\server\jvm.dll
0x00007ffb82c90000 - 0x00007ffb82d3e000 	C:\windows\System32\ADVAPI32.dll
0x00007ffb816c0000 - 0x00007ffb8175c000 	C:\windows\System32\sechost.dll
0x00007ffb82f40000 - 0x00007ffb83065000 	C:\windows\System32\RPCRT4.dll
0x00007ffb78c30000 - 0x00007ffb78c39000 	C:\windows\SYSTEM32\WSOCK32.dll
0x00007ffb65730000 - 0x00007ffb65757000 	C:\windows\SYSTEM32\WINMM.dll
0x00007ffb77350000 - 0x00007ffb7735a000 	C:\windows\SYSTEM32\VERSION.dll
0x00007ffb832e0000 - 0x00007ffb8334b000 	C:\windows\System32\WS2_32.dll
0x00007ffb7eca0000 - 0x00007ffb7ecb2000 	C:\windows\SYSTEM32\kernel.appcore.dll
0x00007ffb76ff0000 - 0x00007ffb76ffa000 	C:\Program Files\Android\Android Studio\jbr\bin\jimage.dll
0x00007ffb6a7a0000 - 0x00007ffb6a984000 	C:\windows\SYSTEM32\DBGHELP.DLL
0x00007ffb6c380000 - 0x00007ffb6c3ac000 	C:\windows\SYSTEM32\dbgcore.DLL
0x00007ffb813a0000 - 0x00007ffb81422000 	C:\windows\System32\bcryptPrimitives.dll
0x00007ffb6dc30000 - 0x00007ffb6dc55000 	C:\Program Files\Android\Android Studio\jbr\bin\java.dll
0x00007ffb6eea0000 - 0x00007ffb6eeb8000 	C:\Program Files\Android\Android Studio\jbr\bin\zip.dll
0x00007ffb81bd0000 - 0x00007ffb82314000 	C:\windows\System32\SHELL32.dll
0x00007ffb7eea0000 - 0x00007ffb7f634000 	C:\windows\SYSTEM32\windows.storage.dll
0x00007ffb82930000 - 0x00007ffb82c84000 	C:\windows\System32\combase.dll
0x00007ffb80710000 - 0x00007ffb8073c000 	C:\windows\SYSTEM32\Wldp.dll
0x00007ffb81a90000 - 0x00007ffb81b3d000 	C:\windows\System32\SHCORE.dll
0x00007ffb82d40000 - 0x00007ffb82d95000 	C:\windows\System32\shlwapi.dll
0x00007ffb80cc0000 - 0x00007ffb80cdf000 	C:\windows\SYSTEM32\profapi.dll
0x00007ffb6ec80000 - 0x00007ffb6ec99000 	C:\Program Files\Android\Android Studio\jbr\bin\net.dll
0x00007ffb7ac40000 - 0x00007ffb7ad4a000 	C:\windows\SYSTEM32\WINHTTP.dll
0x00007ffb80470000 - 0x00007ffb804da000 	C:\windows\system32\mswsock.dll
0x00007ffb6d780000 - 0x00007ffb6d796000 	C:\Program Files\Android\Android Studio\jbr\bin\nio.dll
0x00007ffb6f9a0000 - 0x00007ffb6f9b0000 	C:\Program Files\Android\Android Studio\jbr\bin\verify.dll
0x00007ffb68470000 - 0x00007ffb68497000 	C:\Users\bkinon\.gradle\native\68d5fa5c4cc2d200863cafc0d521ce42e7d3e7ee720ec0a83991735586a16f82\windows-amd64\native-platform.dll
0x00007ffb5a0f0000 - 0x00007ffb5a234000 	C:\Users\bkinon\.gradle\native\e376f236ea51e6404a007f0833ffe2c6e607c4080706a723a18a27aeea778392\windows-amd64\native-platform-file-events.dll
0x00007ffb73fb0000 - 0x00007ffb73fb9000 	C:\Program Files\Android\Android Studio\jbr\bin\management.dll
0x00007ffb70c60000 - 0x00007ffb70c6b000 	C:\Program Files\Android\Android Studio\jbr\bin\management_ext.dll
0x00007ffb831b0000 - 0x00007ffb831b8000 	C:\windows\System32\PSAPI.DLL
0x00007ffb80660000 - 0x00007ffb80678000 	C:\windows\SYSTEM32\CRYPTSP.dll
0x00007ffb7fdf0000 - 0x00007ffb7fe24000 	C:\windows\system32\rsaenh.dll
0x00007ffb81430000 - 0x00007ffb81457000 	C:\windows\System32\bcrypt.dll
0x00007ffb80c80000 - 0x00007ffb80cae000 	C:\windows\SYSTEM32\USERENV.dll
0x00007ffb80680000 - 0x00007ffb8068c000 	C:\windows\SYSTEM32\CRYPTBASE.dll
0x00007ffb80160000 - 0x00007ffb8019b000 	C:\windows\SYSTEM32\IPHLPAPI.DLL
0x00007ffb81a20000 - 0x00007ffb81a28000 	C:\windows\System32\NSI.dll
0x00007ffb7bfd0000 - 0x00007ffb7bfe7000 	C:\windows\SYSTEM32\dhcpcsvc6.DLL
0x00007ffb7bfb0000 - 0x00007ffb7bfcd000 	C:\windows\SYSTEM32\dhcpcsvc.DLL
0x00007ffb801a0000 - 0x00007ffb8026b000 	C:\windows\SYSTEM32\DNSAPI.dll
0x00007ffb6f590000 - 0x00007ffb6f597000 	C:\windows\system32\wshunix.dll

dbghelp: loaded successfully - version: 4.0.5 - missing functions: none
symbol engine: initialized successfully - sym options: 0x614 - pdb path: .;C:\Program Files\Android\Android Studio\jbr\bin;C:\windows\SYSTEM32;C:\windows\WinSxS\amd64_microsoft.windows.common-controls_6595b64144ccf1df_6.0.19041.1110_none_60b5254171f9507e;C:\Program Files\Android\Android Studio\jbr\bin\server;C:\Users\bkinon\.gradle\native\68d5fa5c4cc2d200863cafc0d521ce42e7d3e7ee720ec0a83991735586a16f82\windows-amd64;C:\Users\bkinon\.gradle\native\e376f236ea51e6404a007f0833ffe2c6e607c4080706a723a18a27aeea778392\windows-amd64

VM Arguments:
jvm_args: --add-opens=java.base/java.util=ALL-UNNAMED --add-opens=java.base/java.lang=ALL-UNNAMED --add-opens=java.base/java.lang.invoke=ALL-UNNAMED --add-opens=java.prefs/java.util.prefs=ALL-UNNAMED --add-opens=java.base/java.nio.charset=ALL-UNNAMED --add-opens=java.base/java.net=ALL-UNNAMED --add-opens=java.base/java.util.concurrent.atomic=ALL-UNNAMED -Xmx2048m -Dfile.encoding=UTF-8 -Duser.country=CH -Duser.language=de -Duser.variant 
java_command: org.gradle.launcher.daemon.bootstrap.GradleDaemon 8.0
java_class_path (initial): C:\Users\bkinon\.gradle\wrapper\dists\gradle-8.0-bin\ca5e32bp14vu59qr306oxotwh\gradle-8.0\lib\gradle-launcher-8.0.jar
Launcher Type: SUN_STANDARD

[Global flags]
     intx CICompilerCount                          = 4                                         {product} {ergonomic}
     uint ConcGCThreads                            = 2                                         {product} {ergonomic}
     uint G1ConcRefinementThreads                  = 8                                         {product} {ergonomic}
   size_t G1HeapRegionSize                         = 1048576                                   {product} {ergonomic}
    uintx GCDrainStackTargetSize                   = 64                                        {product} {ergonomic}
   size_t InitialHeapSize                          = 536870912                                 {product} {ergonomic}
   size_t MarkStackSize                            = 4194304                                   {product} {ergonomic}
   size_t MaxHeapSize                              = 2147483648                                {product} {command line}
   size_t MaxNewSize                               = 1287651328                                {product} {ergonomic}
   size_t MinHeapDeltaBytes                        = 1048576                                   {product} {ergonomic}
   size_t MinHeapSize                              = 8388608                                   {product} {ergonomic}
    uintx NonNMethodCodeHeapSize                   = 5839372                                {pd product} {ergonomic}
    uintx NonProfiledCodeHeapSize                  = 122909434                              {pd product} {ergonomic}
    uintx ProfiledCodeHeapSize                     = 122909434                              {pd product} {ergonomic}
    uintx ReservedCodeCacheSize                    = 251658240                              {pd product} {ergonomic}
     bool SegmentedCodeCache                       = true                                      {product} {ergonomic}
   size_t SoftMaxHeapSize                          = 2147483648                             {manageable} {ergonomic}
     bool UseCompressedClassPointers               = true                           {product lp64_product} {ergonomic}
     bool UseCompressedOops                        = true                           {product lp64_product} {ergonomic}
     bool UseG1GC                                  = true                                      {product} {ergonomic}
     bool UseLargePagesIndividualAllocation        = false                                  {pd product} {ergonomic}

Logging:
Log output configuration:
 #0: stdout all=warning uptime,level,tags
 #1: stderr all=off uptime,level,tags

Environment Variables:
PATH=C:\Program Files (x86)\Common Files\Oracle\Java\javapath;C:\windows\system32;C:\windows;C:\windows\System32\Wbem;C:\windows\System32\WindowsPowerShell\v1.0\;C:\windows\System32\OpenSSH\;C:\Program Files\Git\cmd;C:\Users\bkinon\AppData\Local\Microsoft\WindowsApps
USERNAME=bkinon
OS=Windows_NT
PROCESSOR_IDENTIFIER=Intel64 Family 6 Model 60 Stepping 3, GenuineIntel
TMP=C:\Users\bkinon\AppData\Local\Temp
TEMP=C:\Users\bkinon\AppData\Local\Temp



---------------  S Y S T E M  ---------------

OS:
 Windows 10 , 64 bit Build 19041 (10.0.19041.1706)
OS uptime: 3 days 0:24 hours

CPU: total 8 (initial active 8) (4 cores per cpu, 2 threads per core) family 6 model 60 stepping 3 microcode 0x27, cx8, cmov, fxsr, ht, mmx, sse, sse2, sse3, ssse3, sse4.1, sse4.2, popcnt, lzcnt, tsc, tscinvbit, avx, avx2, aes, erms, clmul, bmi1, bmi2, fma, vzeroupper, clflush

Memory: 4k page, system-wide physical 32672M (13574M free)
TotalPageFile size 45172M (AvailPageFile size 4M)
current process WorkingSet (physical memory assigned to process): 597M, peak: 644M
current process commit charge ("private bytes"): 632M, peak: 686M

vm_info: OpenJDK 64-Bit Server VM (17.0.6+0-b2043.56-9586694) for windows-amd64 JRE (17.0.6+0-b2043.56-9586694), built on Feb  9 2023 20:06:20 by "androidbuild" with MS VC++ 16.10 / 16.11 (VS2019)

END.
